2025-10-11 19:57:19.654 [background-preinit] INFO  o.h.validator.internal.util.Version - HV000001: Hibernate Validator 6.2.3.Final
2025-10-11 19:57:19.664 [main] INFO  com.lstproject.LstProjectApplication - Starting LstProjectApplication using Java 19.0.1 on DESKTOP-GGF45KL with PID 30408 (C:\dev\IDEAWP\lst-project\target\classes started by lst in C:\dev\IDEAWP\lst-project)
2025-10-11 19:57:19.676 [main] DEBUG com.lstproject.LstProjectApplication - Running with Spring Boot v2.7.0, Spring v5.3.20
2025-10-11 19:57:19.676 [main] INFO  com.lstproject.LstProjectApplication - No active profile set, falling back to 1 default profile: "default"
2025-10-11 19:57:22.892 [main] INFO  o.s.d.r.c.RepositoryConfigurationDelegate - Multiple Spring Data modules found, entering strict repository configuration mode!
2025-10-11 19:57:22.896 [main] INFO  o.s.d.r.c.RepositoryConfigurationDelegate - Bootstrapping Spring Data JPA repositories in DEFAULT mode.
2025-10-11 19:57:23.167 [main] INFO  o.s.d.r.c.RepositoryConfigurationDelegate - Finished Spring Data repository scanning in 262 ms. Found 2 JPA repository interfaces.
2025-10-11 19:57:23.201 [main] INFO  o.s.d.r.c.RepositoryConfigurationDelegate - Multiple Spring Data modules found, entering strict repository configuration mode!
2025-10-11 19:57:23.204 [main] INFO  o.s.d.r.c.RepositoryConfigurationDelegate - Bootstrapping Spring Data Redis repositories in DEFAULT mode.
2025-10-11 19:57:23.254 [main] INFO  o.s.d.r.c.RepositoryConfigurationExtensionSupport - Spring Data Redis - Could not safely identify store assignment for repository candidate interface com.lstproject.repository.IpWhitelistRepository. If you want this repository to be a Redis repository, consider annotating your entities with one of these annotations: org.springframework.data.redis.core.RedisHash (preferred), or consider extending one of the following types with your repository: org.springframework.data.keyvalue.repository.KeyValueRepository.
2025-10-11 19:57:23.256 [main] INFO  o.s.d.r.c.RepositoryConfigurationExtensionSupport - Spring Data Redis - Could not safely identify store assignment for repository candidate interface com.lstproject.repository.UserRepository. If you want this repository to be a Redis repository, consider annotating your entities with one of these annotations: org.springframework.data.redis.core.RedisHash (preferred), or consider extending one of the following types with your repository: org.springframework.data.keyvalue.repository.KeyValueRepository.
2025-10-11 19:57:23.256 [main] INFO  o.s.d.r.c.RepositoryConfigurationDelegate - Finished Spring Data repository scanning in 20 ms. Found 0 Redis repository interfaces.
2025-10-11 19:57:25.025 [main] INFO  o.s.b.w.e.tomcat.TomcatWebServer - Tomcat initialized with port(s): 8899 (http)
2025-10-11 19:57:25.035 [main] INFO  o.a.coyote.http11.Http11NioProtocol - Initializing ProtocolHandler ["http-nio-8899"]
2025-10-11 19:57:25.035 [main] INFO  o.a.catalina.core.StandardService - Starting service [Tomcat]
2025-10-11 19:57:25.035 [main] INFO  o.a.catalina.core.StandardEngine - Starting Servlet engine: [Apache Tomcat/9.0.63]
2025-10-11 19:57:25.209 [main] INFO  o.a.c.c.C.[.[localhost].[/lst] - Initializing Spring embedded WebApplicationContext
2025-10-11 19:57:25.209 [main] INFO  o.s.b.w.s.c.ServletWebServerApplicationContext - Root WebApplicationContext: initialization completed in 5432 ms
2025-10-11 19:57:25.519 [main] INFO  o.h.jpa.internal.util.LogHelper - HHH000204: Processing PersistenceUnitInfo [name: default]
2025-10-11 19:57:25.636 [main] INFO  org.hibernate.Version - HHH000412: Hibernate ORM core version 5.6.9.Final
2025-10-11 19:57:26.088 [main] INFO  o.h.annotations.common.Version - HCANN000001: Hibernate Commons Annotations {5.1.2.Final}
2025-10-11 19:57:26.229 [main] INFO  com.zaxxer.hikari.HikariDataSource - HikariCP - Starting...
2025-10-11 19:57:27.322 [main] INFO  com.zaxxer.hikari.HikariDataSource - HikariCP - Start completed.
2025-10-11 19:57:27.363 [main] INFO  org.hibernate.dialect.Dialect - HHH000400: Using dialect: org.hibernate.dialect.MySQL8Dialect
2025-10-11 19:57:28.836 [main] INFO  org.hibernate.orm.connections.access - HHH10001501: Connection obtained from JdbcConnectionAccess [org.hibernate.engine.jdbc.env.internal.JdbcEnvironmentInitiator$ConnectionProviderJdbcConnectionAccess@67292fc7] for (non-JTA) DDL execution was not in auto-commit mode; the Connection 'local transaction' will be committed and the Connection will be set into auto-commit mode.
2025-10-11 19:57:29.102 [main] INFO  o.h.e.t.j.p.i.JtaPlatformInitiator - HHH000490: Using JtaPlatform implementation: [org.hibernate.engine.transaction.jta.platform.internal.NoJtaPlatform]
2025-10-11 19:57:29.126 [main] INFO  o.s.o.j.LocalContainerEntityManagerFactoryBean - Initialized JPA EntityManagerFactory for persistence unit 'default'
2025-10-11 19:57:29.976 [main] DEBUG c.l.filter.JwtAuthenticationFilter - Filter 'jwtAuthenticationFilter' configured for use
2025-10-11 19:57:29.980 [main] DEBUG c.l.filter.IpWhitelistFilter - Filter 'ipWhitelistFilter' configured for use
2025-10-11 19:57:30.204 [main] WARN  o.s.b.a.o.j.JpaBaseConfiguration$JpaWebConfiguration - spring.jpa.open-in-view is enabled by default. Therefore, database queries may be performed during view rendering. Explicitly configure spring.jpa.open-in-view to disable this warning
2025-10-11 19:57:31.647 [main] DEBUG o.s.s.w.a.e.ExpressionBasedFilterInvocationSecurityMetadataSource - Adding web access control expression [permitAll] for Ant [pattern='/api/auth/**']
2025-10-11 19:57:31.692 [main] DEBUG o.s.s.w.a.e.ExpressionBasedFilterInvocationSecurityMetadataSource - Adding web access control expression [permitAll] for Ant [pattern='/lst/ws/chat/**']
2025-10-11 19:57:31.693 [main] DEBUG o.s.s.w.a.e.ExpressionBasedFilterInvocationSecurityMetadataSource - Adding web access control expression [permitAll] for Ant [pattern='/ws/chat/**']
2025-10-11 19:57:31.694 [main] DEBUG o.s.s.w.a.e.ExpressionBasedFilterInvocationSecurityMetadataSource - Adding web access control expression [authenticated] for any request
2025-10-11 19:57:31.711 [main] INFO  o.s.s.web.DefaultSecurityFilterChain - Will secure any request with [org.springframework.security.web.session.DisableEncodeUrlFilter@87df88d, org.springframework.security.web.context.request.async.WebAsyncManagerIntegrationFilter@4f3b11e6, org.springframework.security.web.context.SecurityContextPersistenceFilter@255482cb, org.springframework.security.web.header.HeaderWriterFilter@70c99e13, org.springframework.security.web.authentication.logout.LogoutFilter@2f3565c0, com.lstproject.filter.IpWhitelistFilter@52fe87e0, com.lstproject.filter.JwtAuthenticationFilter@11939a9f, org.springframework.security.web.savedrequest.RequestCacheAwareFilter@641255d1, org.springframework.security.web.servletapi.SecurityContextHolderAwareRequestFilter@600a1270, org.springframework.security.web.authentication.AnonymousAuthenticationFilter@28da5c4d, org.springframework.security.web.session.SessionManagementFilter@6d911985, org.springframework.security.web.access.ExceptionTranslationFilter@6d96a895, org.springframework.security.web.access.intercept.FilterSecurityInterceptor@2c7ac998]
2025-10-11 19:57:33.406 [main] INFO  o.a.k.c.consumer.ConsumerConfig - ConsumerConfig values: 
	allow.auto.create.topics = true
	auto.commit.interval.ms = 5000
	auto.offset.reset = latest
	bootstrap.servers = [81.68.197.173:9092]
	check.crcs = true
	client.dns.lookup = use_all_dns_ips
	client.id = consumer-lst-project-group-1
	client.rack = 
	connections.max.idle.ms = 540000
	default.api.timeout.ms = 60000
	enable.auto.commit = false
	exclude.internal.topics = true
	fetch.max.bytes = 52428800
	fetch.max.wait.ms = 500
	fetch.min.bytes = 1
	group.id = lst-project-group
	group.instance.id = null
	heartbeat.interval.ms = 3000
	interceptor.classes = []
	internal.leave.group.on.close = true
	internal.throw.on.fetch.stable.offset.unsupported = false
	isolation.level = read_uncommitted
	key.deserializer = class org.apache.kafka.common.serialization.StringDeserializer
	max.partition.fetch.bytes = 1048576
	max.poll.interval.ms = 300000
	max.poll.records = 500
	metadata.max.age.ms = 300000
	metric.reporters = []
	metrics.num.samples = 2
	metrics.recording.level = INFO
	metrics.sample.window.ms = 30000
	partition.assignment.strategy = [class org.apache.kafka.clients.consumer.RangeAssignor, class org.apache.kafka.clients.consumer.CooperativeStickyAssignor]
	receive.buffer.bytes = 65536
	reconnect.backoff.max.ms = 1000
	reconnect.backoff.ms = 50
	request.timeout.ms = 30000
	retry.backoff.ms = 100
	sasl.client.callback.handler.class = null
	sasl.jaas.config = null
	sasl.kerberos.kinit.cmd = /usr/bin/kinit
	sasl.kerberos.min.time.before.relogin = 60000
	sasl.kerberos.service.name = null
	sasl.kerberos.ticket.renew.jitter = 0.05
	sasl.kerberos.ticket.renew.window.factor = 0.8
	sasl.login.callback.handler.class = null
	sasl.login.class = null
	sasl.login.connect.timeout.ms = null
	sasl.login.read.timeout.ms = null
	sasl.login.refresh.buffer.seconds = 300
	sasl.login.refresh.min.period.seconds = 60
	sasl.login.refresh.window.factor = 0.8
	sasl.login.refresh.window.jitter = 0.05
	sasl.login.retry.backoff.max.ms = 10000
	sasl.login.retry.backoff.ms = 100
	sasl.mechanism = GSSAPI
	sasl.oauthbearer.clock.skew.seconds = 30
	sasl.oauthbearer.expected.audience = null
	sasl.oauthbearer.expected.issuer = null
	sasl.oauthbearer.jwks.endpoint.refresh.ms = 3600000
	sasl.oauthbearer.jwks.endpoint.retry.backoff.max.ms = 10000
	sasl.oauthbearer.jwks.endpoint.retry.backoff.ms = 100
	sasl.oauthbearer.jwks.endpoint.url = null
	sasl.oauthbearer.scope.claim.name = scope
	sasl.oauthbearer.sub.claim.name = sub
	sasl.oauthbearer.token.endpoint.url = null
	security.protocol = PLAINTEXT
	security.providers = null
	send.buffer.bytes = 131072
	session.timeout.ms = 45000
	socket.connection.setup.timeout.max.ms = 30000
	socket.connection.setup.timeout.ms = 10000
	ssl.cipher.suites = null
	ssl.enabled.protocols = [TLSv1.2, TLSv1.3]
	ssl.endpoint.identification.algorithm = https
	ssl.engine.factory.class = null
	ssl.key.password = null
	ssl.keymanager.algorithm = SunX509
	ssl.keystore.certificate.chain = null
	ssl.keystore.key = null
	ssl.keystore.location = null
	ssl.keystore.password = null
	ssl.keystore.type = JKS
	ssl.protocol = TLSv1.3
	ssl.provider = null
	ssl.secure.random.implementation = null
	ssl.trustmanager.algorithm = PKIX
	ssl.truststore.certificates = null
	ssl.truststore.location = null
	ssl.truststore.password = null
	ssl.truststore.type = JKS
	value.deserializer = class org.apache.kafka.common.serialization.StringDeserializer

2025-10-11 19:57:33.971 [main] INFO  o.a.kafka.common.utils.AppInfoParser - Kafka version: 3.1.1
2025-10-11 19:57:33.972 [main] INFO  o.a.kafka.common.utils.AppInfoParser - Kafka commitId: 97671528ba54a138
2025-10-11 19:57:33.973 [main] INFO  o.a.kafka.common.utils.AppInfoParser - Kafka startTimeMs: 1760183853965
2025-10-11 19:57:33.985 [main] INFO  o.a.k.clients.consumer.KafkaConsumer - [Consumer clientId=consumer-lst-project-group-1, groupId=lst-project-group] Subscribed to topic(s): chat-messages
2025-10-11 19:57:34.005 [main] INFO  o.a.k.c.consumer.ConsumerConfig - ConsumerConfig values: 
	allow.auto.create.topics = true
	auto.commit.interval.ms = 5000
	auto.offset.reset = latest
	bootstrap.servers = [81.68.197.173:9092]
	check.crcs = true
	client.dns.lookup = use_all_dns_ips
	client.id = consumer-lst-project-group-2
	client.rack = 
	connections.max.idle.ms = 540000
	default.api.timeout.ms = 60000
	enable.auto.commit = false
	exclude.internal.topics = true
	fetch.max.bytes = 52428800
	fetch.max.wait.ms = 500
	fetch.min.bytes = 1
	group.id = lst-project-group
	group.instance.id = null
	heartbeat.interval.ms = 3000
	interceptor.classes = []
	internal.leave.group.on.close = true
	internal.throw.on.fetch.stable.offset.unsupported = false
	isolation.level = read_uncommitted
	key.deserializer = class org.apache.kafka.common.serialization.StringDeserializer
	max.partition.fetch.bytes = 1048576
	max.poll.interval.ms = 300000
	max.poll.records = 500
	metadata.max.age.ms = 300000
	metric.reporters = []
	metrics.num.samples = 2
	metrics.recording.level = INFO
	metrics.sample.window.ms = 30000
	partition.assignment.strategy = [class org.apache.kafka.clients.consumer.RangeAssignor, class org.apache.kafka.clients.consumer.CooperativeStickyAssignor]
	receive.buffer.bytes = 65536
	reconnect.backoff.max.ms = 1000
	reconnect.backoff.ms = 50
	request.timeout.ms = 30000
	retry.backoff.ms = 100
	sasl.client.callback.handler.class = null
	sasl.jaas.config = null
	sasl.kerberos.kinit.cmd = /usr/bin/kinit
	sasl.kerberos.min.time.before.relogin = 60000
	sasl.kerberos.service.name = null
	sasl.kerberos.ticket.renew.jitter = 0.05
	sasl.kerberos.ticket.renew.window.factor = 0.8
	sasl.login.callback.handler.class = null
	sasl.login.class = null
	sasl.login.connect.timeout.ms = null
	sasl.login.read.timeout.ms = null
	sasl.login.refresh.buffer.seconds = 300
	sasl.login.refresh.min.period.seconds = 60
	sasl.login.refresh.window.factor = 0.8
	sasl.login.refresh.window.jitter = 0.05
	sasl.login.retry.backoff.max.ms = 10000
	sasl.login.retry.backoff.ms = 100
	sasl.mechanism = GSSAPI
	sasl.oauthbearer.clock.skew.seconds = 30
	sasl.oauthbearer.expected.audience = null
	sasl.oauthbearer.expected.issuer = null
	sasl.oauthbearer.jwks.endpoint.refresh.ms = 3600000
	sasl.oauthbearer.jwks.endpoint.retry.backoff.max.ms = 10000
	sasl.oauthbearer.jwks.endpoint.retry.backoff.ms = 100
	sasl.oauthbearer.jwks.endpoint.url = null
	sasl.oauthbearer.scope.claim.name = scope
	sasl.oauthbearer.sub.claim.name = sub
	sasl.oauthbearer.token.endpoint.url = null
	security.protocol = PLAINTEXT
	security.providers = null
	send.buffer.bytes = 131072
	session.timeout.ms = 45000
	socket.connection.setup.timeout.max.ms = 30000
	socket.connection.setup.timeout.ms = 10000
	ssl.cipher.suites = null
	ssl.enabled.protocols = [TLSv1.2, TLSv1.3]
	ssl.endpoint.identification.algorithm = https
	ssl.engine.factory.class = null
	ssl.key.password = null
	ssl.keymanager.algorithm = SunX509
	ssl.keystore.certificate.chain = null
	ssl.keystore.key = null
	ssl.keystore.location = null
	ssl.keystore.password = null
	ssl.keystore.type = JKS
	ssl.protocol = TLSv1.3
	ssl.provider = null
	ssl.secure.random.implementation = null
	ssl.trustmanager.algorithm = PKIX
	ssl.truststore.certificates = null
	ssl.truststore.location = null
	ssl.truststore.password = null
	ssl.truststore.type = JKS
	value.deserializer = class org.apache.kafka.common.serialization.StringDeserializer

2025-10-11 19:57:34.019 [main] INFO  o.a.kafka.common.utils.AppInfoParser - Kafka version: 3.1.1
2025-10-11 19:57:34.021 [main] INFO  o.a.kafka.common.utils.AppInfoParser - Kafka commitId: 97671528ba54a138
2025-10-11 19:57:34.021 [main] INFO  o.a.kafka.common.utils.AppInfoParser - Kafka startTimeMs: 1760183854019
2025-10-11 19:57:34.022 [main] INFO  o.a.k.clients.consumer.KafkaConsumer - [Consumer clientId=consumer-lst-project-group-2, groupId=lst-project-group] Subscribed to topic(s): chat-messages
2025-10-11 19:57:34.025 [main] INFO  o.a.coyote.http11.Http11NioProtocol - Starting ProtocolHandler ["http-nio-8899"]
2025-10-11 19:57:34.064 [main] INFO  o.s.b.w.e.tomcat.TomcatWebServer - Tomcat started on port(s): 8899 (http) with context path '/lst'
2025-10-11 19:57:34.081 [main] INFO  com.lstproject.LstProjectApplication - Started LstProjectApplication in 15.379 seconds (JVM running for 26.413)
2025-10-11 19:57:34.870 [org.springframework.kafka.KafkaListenerEndpointContainer#1-0-C-1] INFO  org.apache.kafka.clients.Metadata - [Consumer clientId=consumer-lst-project-group-2, groupId=lst-project-group] Resetting the last seen epoch of partition chat-messages-0 to 0 since the associated topicId changed from null to L82sfyfpQ3CfDd4z3DbKvA
2025-10-11 19:57:34.870 [org.springframework.kafka.KafkaListenerEndpointContainer#0-0-C-1] INFO  org.apache.kafka.clients.Metadata - [Consumer clientId=consumer-lst-project-group-1, groupId=lst-project-group] Resetting the last seen epoch of partition chat-messages-0 to 0 since the associated topicId changed from null to L82sfyfpQ3CfDd4z3DbKvA
2025-10-11 19:57:34.873 [org.springframework.kafka.KafkaListenerEndpointContainer#0-0-C-1] INFO  org.apache.kafka.clients.Metadata - [Consumer clientId=consumer-lst-project-group-1, groupId=lst-project-group] Cluster ID: yfropG84TRS7dQJGhgC6cQ
2025-10-11 19:57:34.873 [org.springframework.kafka.KafkaListenerEndpointContainer#1-0-C-1] INFO  org.apache.kafka.clients.Metadata - [Consumer clientId=consumer-lst-project-group-2, groupId=lst-project-group] Cluster ID: yfropG84TRS7dQJGhgC6cQ
2025-10-11 19:57:34.874 [org.springframework.kafka.KafkaListenerEndpointContainer#1-0-C-1] INFO  o.a.k.c.c.i.ConsumerCoordinator - [Consumer clientId=consumer-lst-project-group-2, groupId=lst-project-group] Discovered group coordinator 81.68.197.173:9092 (id: 2147482646 rack: null)
2025-10-11 19:57:34.874 [org.springframework.kafka.KafkaListenerEndpointContainer#0-0-C-1] INFO  o.a.k.c.c.i.ConsumerCoordinator - [Consumer clientId=consumer-lst-project-group-1, groupId=lst-project-group] Discovered group coordinator 81.68.197.173:9092 (id: 2147482646 rack: null)
2025-10-11 19:57:34.877 [org.springframework.kafka.KafkaListenerEndpointContainer#1-0-C-1] INFO  o.a.k.c.c.i.ConsumerCoordinator - [Consumer clientId=consumer-lst-project-group-2, groupId=lst-project-group] (Re-)joining group
2025-10-11 19:57:34.877 [org.springframework.kafka.KafkaListenerEndpointContainer#0-0-C-1] INFO  o.a.k.c.c.i.ConsumerCoordinator - [Consumer clientId=consumer-lst-project-group-1, groupId=lst-project-group] (Re-)joining group
2025-10-11 19:57:34.989 [org.springframework.kafka.KafkaListenerEndpointContainer#0-0-C-1] INFO  o.a.k.c.c.i.ConsumerCoordinator - [Consumer clientId=consumer-lst-project-group-1, groupId=lst-project-group] Request joining group due to: need to re-join with the given member-id
2025-10-11 19:57:34.990 [org.springframework.kafka.KafkaListenerEndpointContainer#0-0-C-1] INFO  o.a.k.c.c.i.ConsumerCoordinator - [Consumer clientId=consumer-lst-project-group-1, groupId=lst-project-group] (Re-)joining group
2025-10-11 19:57:34.992 [org.springframework.kafka.KafkaListenerEndpointContainer#1-0-C-1] INFO  o.a.k.c.c.i.ConsumerCoordinator - [Consumer clientId=consumer-lst-project-group-2, groupId=lst-project-group] Request joining group due to: need to re-join with the given member-id
2025-10-11 19:57:34.992 [org.springframework.kafka.KafkaListenerEndpointContainer#1-0-C-1] INFO  o.a.k.c.c.i.ConsumerCoordinator - [Consumer clientId=consumer-lst-project-group-2, groupId=lst-project-group] (Re-)joining group
2025-10-11 19:57:36.623 [org.springframework.kafka.KafkaListenerEndpointContainer#0-0-C-1] INFO  o.a.k.c.c.i.ConsumerCoordinator - [Consumer clientId=consumer-lst-project-group-1, groupId=lst-project-group] Successfully joined group with generation Generation{generationId=111, memberId='consumer-lst-project-group-1-95b44b00-17ee-4d43-85f6-b270282c78bc', protocol='range'}
2025-10-11 19:57:36.624 [org.springframework.kafka.KafkaListenerEndpointContainer#1-0-C-1] INFO  o.a.k.c.c.i.ConsumerCoordinator - [Consumer clientId=consumer-lst-project-group-2, groupId=lst-project-group] Successfully joined group with generation Generation{generationId=111, memberId='consumer-lst-project-group-2-e90d9ab3-9d2d-4eb1-8b83-cf2d99a8cf28', protocol='range'}
2025-10-11 19:57:36.660 [org.springframework.kafka.KafkaListenerEndpointContainer#1-0-C-1] INFO  o.a.k.c.c.i.ConsumerCoordinator - [Consumer clientId=consumer-lst-project-group-2, groupId=lst-project-group] Successfully synced group in generation Generation{generationId=111, memberId='consumer-lst-project-group-2-e90d9ab3-9d2d-4eb1-8b83-cf2d99a8cf28', protocol='range'}
2025-10-11 19:57:36.660 [org.springframework.kafka.KafkaListenerEndpointContainer#0-0-C-1] INFO  o.a.k.c.c.i.ConsumerCoordinator - [Consumer clientId=consumer-lst-project-group-1, groupId=lst-project-group] Successfully synced group in generation Generation{generationId=111, memberId='consumer-lst-project-group-1-95b44b00-17ee-4d43-85f6-b270282c78bc', protocol='range'}
2025-10-11 19:57:36.663 [org.springframework.kafka.KafkaListenerEndpointContainer#1-0-C-1] INFO  o.a.k.c.c.i.ConsumerCoordinator - [Consumer clientId=consumer-lst-project-group-2, groupId=lst-project-group] Notifying assignor about the new Assignment(partitions=[])
2025-10-11 19:57:36.663 [org.springframework.kafka.KafkaListenerEndpointContainer#0-0-C-1] INFO  o.a.k.c.c.i.ConsumerCoordinator - [Consumer clientId=consumer-lst-project-group-1, groupId=lst-project-group] Notifying assignor about the new Assignment(partitions=[chat-messages-0])
2025-10-11 19:57:36.663 [org.springframework.kafka.KafkaListenerEndpointContainer#1-0-C-1] INFO  o.a.k.c.c.i.ConsumerCoordinator - [Consumer clientId=consumer-lst-project-group-2, groupId=lst-project-group] Adding newly assigned partitions: 
2025-10-11 19:57:36.664 [org.springframework.kafka.KafkaListenerEndpointContainer#1-0-C-1] INFO  o.s.k.l.KafkaMessageListenerContainer - lst-project-group: partitions assigned: []
2025-10-11 19:57:36.665 [org.springframework.kafka.KafkaListenerEndpointContainer#0-0-C-1] INFO  o.a.k.c.c.i.ConsumerCoordinator - [Consumer clientId=consumer-lst-project-group-1, groupId=lst-project-group] Adding newly assigned partitions: chat-messages-0
2025-10-11 19:57:36.741 [org.springframework.kafka.KafkaListenerEndpointContainer#0-0-C-1] INFO  o.a.k.c.c.i.ConsumerCoordinator - [Consumer clientId=consumer-lst-project-group-1, groupId=lst-project-group] Setting offset for partition chat-messages-0 to the committed offset FetchPosition{offset=21, offsetEpoch=Optional.empty, currentLeader=LeaderAndEpoch{leader=Optional[81.68.197.173:9092 (id: 1001 rack: null)], epoch=0}}
2025-10-11 19:57:36.852 [org.springframework.kafka.KafkaListenerEndpointContainer#0-0-C-1] INFO  o.s.k.l.KafkaMessageListenerContainer - lst-project-group: partitions assigned: [chat-messages-0]
2025-10-11 19:58:30.365 [http-nio-8899-exec-1] INFO  o.a.c.c.C.[.[localhost].[/lst] - Initializing Spring DispatcherServlet 'dispatcherServlet'
2025-10-11 19:58:30.366 [http-nio-8899-exec-1] INFO  o.s.web.servlet.DispatcherServlet - Initializing Servlet 'dispatcherServlet'
2025-10-11 19:58:30.368 [http-nio-8899-exec-1] INFO  o.s.web.servlet.DispatcherServlet - Completed initialization in 2 ms
2025-10-11 19:58:30.398 [http-nio-8899-exec-1] DEBUG o.s.security.web.FilterChainProxy - Securing POST /api/auth/register
2025-10-11 19:58:30.408 [http-nio-8899-exec-1] DEBUG o.s.s.w.c.SecurityContextPersistenceFilter - Set SecurityContextHolder to empty SecurityContext
2025-10-11 19:58:30.680 [http-nio-8899-exec-1] DEBUG o.s.s.w.a.AnonymousAuthenticationFilter - Set SecurityContextHolder to anonymous SecurityContext
2025-10-11 19:58:30.702 [http-nio-8899-exec-1] DEBUG o.s.s.w.a.i.FilterSecurityInterceptor - Authorized filter invocation [POST /api/auth/register] with attributes [permitAll]
2025-10-11 19:58:30.704 [http-nio-8899-exec-1] DEBUG o.s.security.web.FilterChainProxy - Secured POST /api/auth/register
2025-10-11 19:58:32.707 [http-nio-8899-exec-1] DEBUG o.s.s.w.c.SecurityContextPersistenceFilter - Cleared SecurityContextHolder to complete request
2025-10-11 19:58:37.699 [http-nio-8899-exec-2] DEBUG o.s.security.web.FilterChainProxy - Securing POST /api/auth/register
2025-10-11 19:58:37.701 [http-nio-8899-exec-2] DEBUG o.s.s.w.c.SecurityContextPersistenceFilter - Set SecurityContextHolder to empty SecurityContext
2025-10-11 19:58:37.937 [http-nio-8899-exec-2] DEBUG o.s.s.w.a.AnonymousAuthenticationFilter - Set SecurityContextHolder to anonymous SecurityContext
2025-10-11 19:58:37.939 [http-nio-8899-exec-2] DEBUG o.s.s.w.a.i.FilterSecurityInterceptor - Authorized filter invocation [POST /api/auth/register] with attributes [permitAll]
2025-10-11 19:58:37.940 [http-nio-8899-exec-2] DEBUG o.s.security.web.FilterChainProxy - Secured POST /api/auth/register
2025-10-11 19:58:38.372 [http-nio-8899-exec-2] DEBUG o.s.s.w.c.SecurityContextPersistenceFilter - Cleared SecurityContextHolder to complete request
2025-10-11 19:58:58.871 [http-nio-8899-exec-3] DEBUG o.s.security.web.FilterChainProxy - Securing POST /api/chat/create
2025-10-11 19:58:58.873 [http-nio-8899-exec-3] DEBUG o.s.s.w.c.SecurityContextPersistenceFilter - Set SecurityContextHolder to empty SecurityContext
2025-10-11 19:58:59.226 [http-nio-8899-exec-3] DEBUG o.s.s.w.a.i.FilterSecurityInterceptor - Authorized filter invocation [POST /api/chat/create] with attributes [authenticated]
2025-10-11 19:58:59.226 [http-nio-8899-exec-3] DEBUG o.s.security.web.FilterChainProxy - Secured POST /api/chat/create
2025-10-11 19:58:59.431 [http-nio-8899-exec-3] DEBUG o.s.s.w.c.SecurityContextPersistenceFilter - Cleared SecurityContextHolder to complete request
2025-10-11 19:59:14.441 [http-nio-8899-exec-4] DEBUG o.s.security.web.FilterChainProxy - Securing POST /api/chat/create
2025-10-11 19:59:14.442 [http-nio-8899-exec-4] DEBUG o.s.s.w.c.SecurityContextPersistenceFilter - Set SecurityContextHolder to empty SecurityContext
2025-10-11 19:59:14.765 [http-nio-8899-exec-4] DEBUG o.s.s.w.a.i.FilterSecurityInterceptor - Authorized filter invocation [POST /api/chat/create] with attributes [authenticated]
2025-10-11 19:59:14.766 [http-nio-8899-exec-4] DEBUG o.s.security.web.FilterChainProxy - Secured POST /api/chat/create
2025-10-11 19:59:14.953 [http-nio-8899-exec-4] DEBUG o.s.s.w.c.SecurityContextPersistenceFilter - Cleared SecurityContextHolder to complete request
2025-10-11 19:59:15.263 [http-nio-8899-exec-5] DEBUG o.s.security.web.FilterChainProxy - Securing GET /ws/chat/wefewf ?token=eyJhbGciOiJIUzUxMiJ9.eyJwaG9uZU51bWJlciI6IjEzODA5MDIyMTcxIiwic3ViIjoidXNlcjQzNDAiLCJpYXQiOjE3NjAxODM5MTIsImV4cCI6MTc2MDI3MDMxMn0.bIFlDKyYqlpr6gDFyDDjjAbH_yDW3CpowwULPAQL9aivJxnpGYpHxTc6jTPbhCK3NI798k6UWvAI67MgHbv2jw
2025-10-11 19:59:15.263 [http-nio-8899-exec-5] DEBUG o.s.s.w.c.SecurityContextPersistenceFilter - Set SecurityContextHolder to empty SecurityContext
2025-10-11 19:59:15.587 [http-nio-8899-exec-5] DEBUG o.s.s.w.a.i.FilterSecurityInterceptor - Authorized filter invocation [GET /ws/chat/wefewf ?token=eyJhbGciOiJIUzUxMiJ9.eyJwaG9uZU51bWJlciI6IjEzODA5MDIyMTcxIiwic3ViIjoidXNlcjQzNDAiLCJpYXQiOjE3NjAxODM5MTIsImV4cCI6MTc2MDI3MDMxMn0.bIFlDKyYqlpr6gDFyDDjjAbH_yDW3CpowwULPAQL9aivJxnpGYpHxTc6jTPbhCK3NI798k6UWvAI67MgHbv2jw] with attributes [permitAll]
2025-10-11 19:59:15.587 [http-nio-8899-exec-5] DEBUG o.s.security.web.FilterChainProxy - Secured GET /ws/chat/wefewf ?token=eyJhbGciOiJIUzUxMiJ9.eyJwaG9uZU51bWJlciI6IjEzODA5MDIyMTcxIiwic3ViIjoidXNlcjQzNDAiLCJpYXQiOjE3NjAxODM5MTIsImV4cCI6MTc2MDI3MDMxMn0.bIFlDKyYqlpr6gDFyDDjjAbH_yDW3CpowwULPAQL9aivJxnpGYpHxTc6jTPbhCK3NI798k6UWvAI67MgHbv2jw
2025-10-11 19:59:15.623 [http-nio-8899-exec-5] DEBUG o.s.s.w.c.SecurityContextPersistenceFilter - Cleared SecurityContextHolder to complete request
2025-10-11 19:59:15.636 [http-nio-8899-exec-5] INFO  c.l.service.ChatWebSocketHandler - 新的WebSocket连接建立: 3272a766-703a-c919-ac54-0893d2eb162f
2025-10-11 19:59:15.651 [http-nio-8899-exec-5] INFO  c.l.service.ChatWebSocketHandler - 收到消息: {"type":"join","user":{"id":"user-jgebs44fz","name":"user4340","color":"#BB8FCE"}}
2025-10-11 19:59:22.011 [http-nio-8899-exec-5] INFO  o.a.k.c.producer.ProducerConfig - ProducerConfig values: 
	acks = -1
	batch.size = 16384
	bootstrap.servers = [81.68.197.173:9092]
	buffer.memory = 33554432
	client.dns.lookup = use_all_dns_ips
	client.id = producer-1
	compression.type = none
	connections.max.idle.ms = 540000
	delivery.timeout.ms = 120000
	enable.idempotence = true
	interceptor.classes = []
	key.serializer = class org.apache.kafka.common.serialization.StringSerializer
	linger.ms = 0
	max.block.ms = 60000
	max.in.flight.requests.per.connection = 5
	max.request.size = 1048576
	metadata.max.age.ms = 300000
	metadata.max.idle.ms = 300000
	metric.reporters = []
	metrics.num.samples = 2
	metrics.recording.level = INFO
	metrics.sample.window.ms = 30000
	partitioner.class = class org.apache.kafka.clients.producer.internals.DefaultPartitioner
	receive.buffer.bytes = 32768
	reconnect.backoff.max.ms = 1000
	reconnect.backoff.ms = 50
	request.timeout.ms = 30000
	retries = 2147483647
	retry.backoff.ms = 100
	sasl.client.callback.handler.class = null
	sasl.jaas.config = null
	sasl.kerberos.kinit.cmd = /usr/bin/kinit
	sasl.kerberos.min.time.before.relogin = 60000
	sasl.kerberos.service.name = null
	sasl.kerberos.ticket.renew.jitter = 0.05
	sasl.kerberos.ticket.renew.window.factor = 0.8
	sasl.login.callback.handler.class = null
	sasl.login.class = null
	sasl.login.connect.timeout.ms = null
	sasl.login.read.timeout.ms = null
	sasl.login.refresh.buffer.seconds = 300
	sasl.login.refresh.min.period.seconds = 60
	sasl.login.refresh.window.factor = 0.8
	sasl.login.refresh.window.jitter = 0.05
	sasl.login.retry.backoff.max.ms = 10000
	sasl.login.retry.backoff.ms = 100
	sasl.mechanism = GSSAPI
	sasl.oauthbearer.clock.skew.seconds = 30
	sasl.oauthbearer.expected.audience = null
	sasl.oauthbearer.expected.issuer = null
	sasl.oauthbearer.jwks.endpoint.refresh.ms = 3600000
	sasl.oauthbearer.jwks.endpoint.retry.backoff.max.ms = 10000
	sasl.oauthbearer.jwks.endpoint.retry.backoff.ms = 100
	sasl.oauthbearer.jwks.endpoint.url = null
	sasl.oauthbearer.scope.claim.name = scope
	sasl.oauthbearer.sub.claim.name = sub
	sasl.oauthbearer.token.endpoint.url = null
	security.protocol = PLAINTEXT
	security.providers = null
	send.buffer.bytes = 131072
	socket.connection.setup.timeout.max.ms = 30000
	socket.connection.setup.timeout.ms = 10000
	ssl.cipher.suites = null
	ssl.enabled.protocols = [TLSv1.2, TLSv1.3]
	ssl.endpoint.identification.algorithm = https
	ssl.engine.factory.class = null
	ssl.key.password = null
	ssl.keymanager.algorithm = SunX509
	ssl.keystore.certificate.chain = null
	ssl.keystore.key = null
	ssl.keystore.location = null
	ssl.keystore.password = null
	ssl.keystore.type = JKS
	ssl.protocol = TLSv1.3
	ssl.provider = null
	ssl.secure.random.implementation = null
	ssl.trustmanager.algorithm = PKIX
	ssl.truststore.certificates = null
	ssl.truststore.location = null
	ssl.truststore.password = null
	ssl.truststore.type = JKS
	transaction.timeout.ms = 60000
	transactional.id = null
	value.serializer = class org.apache.kafka.common.serialization.StringSerializer

2025-10-11 19:59:22.023 [http-nio-8899-exec-5] INFO  o.a.k.clients.producer.KafkaProducer - [Producer clientId=producer-1] Instantiated an idempotent producer.
2025-10-11 19:59:22.034 [http-nio-8899-exec-5] INFO  o.a.kafka.common.utils.AppInfoParser - Kafka version: 3.1.1
2025-10-11 19:59:22.034 [http-nio-8899-exec-5] INFO  o.a.kafka.common.utils.AppInfoParser - Kafka commitId: 97671528ba54a138
2025-10-11 19:59:22.034 [http-nio-8899-exec-5] INFO  o.a.kafka.common.utils.AppInfoParser - Kafka startTimeMs: 1760183962034
2025-10-11 19:59:22.153 [kafka-producer-network-thread | producer-1] INFO  org.apache.kafka.clients.Metadata - [Producer clientId=producer-1] Resetting the last seen epoch of partition chat-messages-0 to 0 since the associated topicId changed from null to L82sfyfpQ3CfDd4z3DbKvA
2025-10-11 19:59:22.153 [kafka-producer-network-thread | producer-1] INFO  org.apache.kafka.clients.Metadata - [Producer clientId=producer-1] Cluster ID: yfropG84TRS7dQJGhgC6cQ
2025-10-11 19:59:22.154 [kafka-producer-network-thread | producer-1] INFO  o.a.k.c.p.i.TransactionManager - [Producer clientId=producer-1] ProducerId set to 1002 with epoch 0
2025-10-11 19:59:28.773 [http-nio-8899-exec-6] INFO  c.l.service.ChatWebSocketHandler - 收到消息: {"type":"chat","message":{"content":"tghrth"}}
2025-10-11 19:59:30.319 [http-nio-8899-exec-7] INFO  c.l.service.ChatWebSocketHandler - 收到消息: {"type":"chat","message":{"content":"ergerg"}}
2025-10-11 19:59:38.938 [http-nio-8899-exec-8] DEBUG o.s.security.web.FilterChainProxy - Securing POST /api/chat/create
2025-10-11 19:59:38.940 [http-nio-8899-exec-8] DEBUG o.s.s.w.c.SecurityContextPersistenceFilter - Set SecurityContextHolder to empty SecurityContext
2025-10-11 19:59:39.263 [http-nio-8899-exec-8] DEBUG o.s.s.w.a.i.FilterSecurityInterceptor - Authorized filter invocation [POST /api/chat/create] with attributes [authenticated]
2025-10-11 19:59:39.263 [http-nio-8899-exec-8] DEBUG o.s.security.web.FilterChainProxy - Secured POST /api/chat/create
2025-10-11 19:59:39.304 [http-nio-8899-exec-8] DEBUG o.s.s.w.c.SecurityContextPersistenceFilter - Cleared SecurityContextHolder to complete request
2025-10-11 19:59:46.055 [http-nio-8899-exec-9] INFO  c.l.service.ChatWebSocketHandler - 收到消息: {"type":"heartbeat"}
2025-10-11 19:59:46.056 [http-nio-8899-exec-9] ERROR c.l.service.ChatWebSocketHandler - 无法解析JSON消息: Cannot invoke "com.alibaba.fastjson.JSONObject.getString(String)" because the return value of "com.alibaba.fastjson.JSONObject.getJSONObject(String)" is null
2025-10-11 19:59:47.081 [http-nio-8899-exec-10] DEBUG o.s.security.web.FilterChainProxy - Securing POST /api/chat/create
2025-10-11 19:59:47.081 [http-nio-8899-exec-10] DEBUG o.s.s.w.c.SecurityContextPersistenceFilter - Set SecurityContextHolder to empty SecurityContext
2025-10-11 19:59:47.392 [http-nio-8899-exec-10] DEBUG o.s.s.w.a.i.FilterSecurityInterceptor - Authorized filter invocation [POST /api/chat/create] with attributes [authenticated]
2025-10-11 19:59:47.392 [http-nio-8899-exec-10] DEBUG o.s.security.web.FilterChainProxy - Secured POST /api/chat/create
2025-10-11 19:59:47.580 [http-nio-8899-exec-10] DEBUG o.s.s.w.c.SecurityContextPersistenceFilter - Cleared SecurityContextHolder to complete request
2025-10-11 20:00:00.502 [http-nio-8899-exec-1] INFO  c.l.service.ChatWebSocketHandler - 收到消息: {"type":"chat","message":{"content":"ergerg"}}
2025-10-11 20:00:01.701 [http-nio-8899-exec-2] INFO  c.l.service.ChatWebSocketHandler - 收到消息: {"type":"chat","message":{"content":"ergreg"}}
2025-10-11 20:00:13.240 [http-nio-8899-exec-3] DEBUG o.s.security.web.FilterChainProxy - Securing POST /api/auth/register
2025-10-11 20:00:13.240 [http-nio-8899-exec-3] DEBUG o.s.s.w.c.SecurityContextPersistenceFilter - Set SecurityContextHolder to empty SecurityContext
2025-10-11 20:00:13.466 [http-nio-8899-exec-3] DEBUG o.s.s.w.a.AnonymousAuthenticationFilter - Set SecurityContextHolder to anonymous SecurityContext
2025-10-11 20:00:13.466 [http-nio-8899-exec-3] DEBUG o.s.s.w.a.i.FilterSecurityInterceptor - Authorized filter invocation [POST /api/auth/register] with attributes [permitAll]
2025-10-11 20:00:13.467 [http-nio-8899-exec-3] DEBUG o.s.security.web.FilterChainProxy - Secured POST /api/auth/register
2025-10-11 20:00:13.893 [http-nio-8899-exec-3] DEBUG o.s.s.w.c.SecurityContextPersistenceFilter - Cleared SecurityContextHolder to complete request
2025-10-11 20:00:16.049 [http-nio-8899-exec-4] INFO  c.l.service.ChatWebSocketHandler - 收到消息: {"type":"heartbeat"}
2025-10-11 20:00:16.050 [http-nio-8899-exec-4] ERROR c.l.service.ChatWebSocketHandler - 无法解析JSON消息: Cannot invoke "com.alibaba.fastjson.JSONObject.getString(String)" because the return value of "com.alibaba.fastjson.JSONObject.getJSONObject(String)" is null
2025-10-11 20:00:46.059 [http-nio-8899-exec-5] INFO  c.l.service.ChatWebSocketHandler - 收到消息: {"type":"heartbeat"}
2025-10-11 20:00:46.061 [http-nio-8899-exec-5] ERROR c.l.service.ChatWebSocketHandler - 无法解析JSON消息: Cannot invoke "com.alibaba.fastjson.JSONObject.getString(String)" because the return value of "com.alibaba.fastjson.JSONObject.getJSONObject(String)" is null
2025-10-11 20:00:46.624 [http-nio-8899-exec-6] DEBUG o.s.security.web.FilterChainProxy - Securing POST /api/auth/register
2025-10-11 20:00:46.625 [http-nio-8899-exec-6] DEBUG o.s.s.w.c.SecurityContextPersistenceFilter - Set SecurityContextHolder to empty SecurityContext
2025-10-11 20:00:46.875 [http-nio-8899-exec-6] DEBUG o.s.s.w.a.AnonymousAuthenticationFilter - Set SecurityContextHolder to anonymous SecurityContext
2025-10-11 20:00:46.877 [http-nio-8899-exec-6] DEBUG o.s.s.w.a.i.FilterSecurityInterceptor - Authorized filter invocation [POST /api/auth/register] with attributes [permitAll]
2025-10-11 20:00:46.878 [http-nio-8899-exec-6] DEBUG o.s.security.web.FilterChainProxy - Secured POST /api/auth/register
2025-10-11 20:00:47.333 [http-nio-8899-exec-6] DEBUG o.s.s.w.c.SecurityContextPersistenceFilter - Cleared SecurityContextHolder to complete request
2025-10-11 20:01:16.053 [http-nio-8899-exec-7] INFO  c.l.service.ChatWebSocketHandler - 收到消息: {"type":"heartbeat"}
2025-10-11 20:01:16.054 [http-nio-8899-exec-7] ERROR c.l.service.ChatWebSocketHandler - 无法解析JSON消息: Cannot invoke "com.alibaba.fastjson.JSONObject.getString(String)" because the return value of "com.alibaba.fastjson.JSONObject.getJSONObject(String)" is null
2025-10-11 20:01:17.396 [http-nio-8899-exec-8] DEBUG o.s.security.web.FilterChainProxy - Securing POST /api/chat/create
2025-10-11 20:01:17.396 [http-nio-8899-exec-8] DEBUG o.s.s.w.c.SecurityContextPersistenceFilter - Set SecurityContextHolder to empty SecurityContext
2025-10-11 20:01:17.723 [http-nio-8899-exec-8] DEBUG o.s.s.w.a.i.FilterSecurityInterceptor - Authorized filter invocation [POST /api/chat/create] with attributes [authenticated]
2025-10-11 20:01:17.724 [http-nio-8899-exec-8] DEBUG o.s.security.web.FilterChainProxy - Secured POST /api/chat/create
2025-10-11 20:01:17.910 [http-nio-8899-exec-8] DEBUG o.s.s.w.c.SecurityContextPersistenceFilter - Cleared SecurityContextHolder to complete request
2025-10-11 20:01:46.056 [http-nio-8899-exec-9] INFO  c.l.service.ChatWebSocketHandler - 收到消息: {"type":"heartbeat"}
2025-10-11 20:01:46.057 [http-nio-8899-exec-9] ERROR c.l.service.ChatWebSocketHandler - 无法解析JSON消息: Cannot invoke "com.alibaba.fastjson.JSONObject.getString(String)" because the return value of "com.alibaba.fastjson.JSONObject.getJSONObject(String)" is null
2025-10-11 20:01:59.157 [http-nio-8899-exec-10] DEBUG o.s.security.web.FilterChainProxy - Securing POST /api/chat/create
2025-10-11 20:01:59.158 [http-nio-8899-exec-10] DEBUG o.s.s.w.c.SecurityContextPersistenceFilter - Set SecurityContextHolder to empty SecurityContext
2025-10-11 20:01:59.480 [http-nio-8899-exec-10] DEBUG o.s.s.w.a.i.FilterSecurityInterceptor - Authorized filter invocation [POST /api/chat/create] with attributes [authenticated]
2025-10-11 20:01:59.481 [http-nio-8899-exec-10] DEBUG o.s.security.web.FilterChainProxy - Secured POST /api/chat/create
2025-10-11 20:01:59.673 [http-nio-8899-exec-10] DEBUG o.s.s.w.c.SecurityContextPersistenceFilter - Cleared SecurityContextHolder to complete request
2025-10-11 20:02:16.050 [http-nio-8899-exec-1] INFO  c.l.service.ChatWebSocketHandler - 收到消息: {"type":"heartbeat"}
2025-10-11 20:02:16.051 [http-nio-8899-exec-1] ERROR c.l.service.ChatWebSocketHandler - 无法解析JSON消息: Cannot invoke "com.alibaba.fastjson.JSONObject.getString(String)" because the return value of "com.alibaba.fastjson.JSONObject.getJSONObject(String)" is null
2025-10-11 20:02:46.060 [http-nio-8899-exec-2] INFO  c.l.service.ChatWebSocketHandler - 收到消息: {"type":"heartbeat"}
2025-10-11 20:02:46.061 [http-nio-8899-exec-2] ERROR c.l.service.ChatWebSocketHandler - 无法解析JSON消息: Cannot invoke "com.alibaba.fastjson.JSONObject.getString(String)" because the return value of "com.alibaba.fastjson.JSONObject.getJSONObject(String)" is null
2025-10-11 20:03:16.046 [http-nio-8899-exec-3] INFO  c.l.service.ChatWebSocketHandler - 收到消息: {"type":"heartbeat"}
2025-10-11 20:03:16.047 [http-nio-8899-exec-3] ERROR c.l.service.ChatWebSocketHandler - 无法解析JSON消息: Cannot invoke "com.alibaba.fastjson.JSONObject.getString(String)" because the return value of "com.alibaba.fastjson.JSONObject.getJSONObject(String)" is null
2025-10-11 20:03:24.164 [http-nio-8899-exec-4] DEBUG o.s.security.web.FilterChainProxy - Securing POST /api/auth/register
2025-10-11 20:03:24.165 [http-nio-8899-exec-4] DEBUG o.s.s.w.c.SecurityContextPersistenceFilter - Set SecurityContextHolder to empty SecurityContext
2025-10-11 20:03:24.390 [http-nio-8899-exec-4] DEBUG o.s.s.w.a.AnonymousAuthenticationFilter - Set SecurityContextHolder to anonymous SecurityContext
2025-10-11 20:03:24.391 [http-nio-8899-exec-4] DEBUG o.s.s.w.a.i.FilterSecurityInterceptor - Authorized filter invocation [POST /api/auth/register] with attributes [permitAll]
2025-10-11 20:03:24.392 [http-nio-8899-exec-4] DEBUG o.s.security.web.FilterChainProxy - Secured POST /api/auth/register
2025-10-11 20:03:24.797 [http-nio-8899-exec-4] DEBUG o.s.s.w.c.SecurityContextPersistenceFilter - Cleared SecurityContextHolder to complete request
2025-10-11 20:03:46.059 [http-nio-8899-exec-5] INFO  c.l.service.ChatWebSocketHandler - 收到消息: {"type":"heartbeat"}
2025-10-11 20:03:46.060 [http-nio-8899-exec-5] ERROR c.l.service.ChatWebSocketHandler - 无法解析JSON消息: Cannot invoke "com.alibaba.fastjson.JSONObject.getString(String)" because the return value of "com.alibaba.fastjson.JSONObject.getJSONObject(String)" is null
2025-10-11 20:04:30.096 [http-nio-8899-exec-6] DEBUG o.s.security.web.FilterChainProxy - Securing POST /api/auth/register
2025-10-11 20:04:30.098 [http-nio-8899-exec-6] DEBUG o.s.s.w.c.SecurityContextPersistenceFilter - Set SecurityContextHolder to empty SecurityContext
2025-10-11 20:04:30.331 [http-nio-8899-exec-6] DEBUG o.s.s.w.a.AnonymousAuthenticationFilter - Set SecurityContextHolder to anonymous SecurityContext
2025-10-11 20:04:30.332 [http-nio-8899-exec-6] DEBUG o.s.s.w.a.i.FilterSecurityInterceptor - Authorized filter invocation [POST /api/auth/register] with attributes [permitAll]
2025-10-11 20:04:30.333 [http-nio-8899-exec-6] DEBUG o.s.security.web.FilterChainProxy - Secured POST /api/auth/register
2025-10-11 20:04:30.743 [http-nio-8899-exec-6] DEBUG o.s.s.w.c.SecurityContextPersistenceFilter - Cleared SecurityContextHolder to complete request
2025-10-11 20:04:47.053 [http-nio-8899-exec-7] INFO  c.l.service.ChatWebSocketHandler - 收到消息: {"type":"heartbeat"}
2025-10-11 20:04:47.054 [http-nio-8899-exec-7] ERROR c.l.service.ChatWebSocketHandler - 无法解析JSON消息: Cannot invoke "com.alibaba.fastjson.JSONObject.getString(String)" because the return value of "com.alibaba.fastjson.JSONObject.getJSONObject(String)" is null
2025-10-11 20:04:53.914 [http-nio-8899-exec-8] DEBUG o.s.security.web.FilterChainProxy - Securing POST /api/chat/create
2025-10-11 20:04:53.915 [http-nio-8899-exec-8] DEBUG o.s.s.w.c.SecurityContextPersistenceFilter - Set SecurityContextHolder to empty SecurityContext
2025-10-11 20:04:54.226 [http-nio-8899-exec-8] DEBUG o.s.s.w.a.i.FilterSecurityInterceptor - Authorized filter invocation [POST /api/chat/create] with attributes [authenticated]
2025-10-11 20:04:54.226 [http-nio-8899-exec-8] DEBUG o.s.security.web.FilterChainProxy - Secured POST /api/chat/create
2025-10-11 20:04:54.411 [http-nio-8899-exec-8] DEBUG o.s.s.w.c.SecurityContextPersistenceFilter - Cleared SecurityContextHolder to complete request
2025-10-11 20:05:16.048 [http-nio-8899-exec-9] INFO  c.l.service.ChatWebSocketHandler - 收到消息: {"type":"heartbeat"}
2025-10-11 20:05:16.049 [http-nio-8899-exec-9] ERROR c.l.service.ChatWebSocketHandler - 无法解析JSON消息: Cannot invoke "com.alibaba.fastjson.JSONObject.getString(String)" because the return value of "com.alibaba.fastjson.JSONObject.getJSONObject(String)" is null
2025-10-11 20:05:45.633 [http-nio-8899-exec-10] INFO  c.l.service.ChatWebSocketHandler - 收到消息: {"type":"heartbeat"}
2025-10-11 20:05:45.636 [http-nio-8899-exec-10] ERROR c.l.service.ChatWebSocketHandler - 无法解析JSON消息: Cannot invoke "com.alibaba.fastjson.JSONObject.getString(String)" because the return value of "com.alibaba.fastjson.JSONObject.getJSONObject(String)" is null
2025-10-11 20:05:46.670 [http-nio-8899-exec-1] INFO  c.l.service.ChatWebSocketHandler - WebSocket连接关闭: 3272a766-703a-c919-ac54-0893d2eb162f, 状态: CloseStatus[code=1000, reason=null]
2025-10-11 20:05:49.894 [http-nio-8899-exec-2] DEBUG o.s.security.web.FilterChainProxy - Securing POST /api/auth/register
2025-10-11 20:05:49.895 [http-nio-8899-exec-2] DEBUG o.s.s.w.c.SecurityContextPersistenceFilter - Set SecurityContextHolder to empty SecurityContext
2025-10-11 20:05:50.122 [http-nio-8899-exec-2] DEBUG o.s.s.w.a.AnonymousAuthenticationFilter - Set SecurityContextHolder to anonymous SecurityContext
2025-10-11 20:05:50.123 [http-nio-8899-exec-2] DEBUG o.s.s.w.a.i.FilterSecurityInterceptor - Authorized filter invocation [POST /api/auth/register] with attributes [permitAll]
2025-10-11 20:05:50.124 [http-nio-8899-exec-2] DEBUG o.s.security.web.FilterChainProxy - Secured POST /api/auth/register
2025-10-11 20:05:50.541 [http-nio-8899-exec-2] DEBUG o.s.s.w.c.SecurityContextPersistenceFilter - Cleared SecurityContextHolder to complete request
2025-10-11 20:06:27.370 [http-nio-8899-exec-3] DEBUG o.s.security.web.FilterChainProxy - Securing POST /api/chat/create
2025-10-11 20:06:27.371 [http-nio-8899-exec-3] DEBUG o.s.s.w.c.SecurityContextPersistenceFilter - Set SecurityContextHolder to empty SecurityContext
2025-10-11 20:06:27.690 [http-nio-8899-exec-3] DEBUG o.s.s.w.a.i.FilterSecurityInterceptor - Authorized filter invocation [POST /api/chat/create] with attributes [authenticated]
2025-10-11 20:06:27.690 [http-nio-8899-exec-3] DEBUG o.s.security.web.FilterChainProxy - Secured POST /api/chat/create
2025-10-11 20:06:27.888 [http-nio-8899-exec-3] DEBUG o.s.s.w.c.SecurityContextPersistenceFilter - Cleared SecurityContextHolder to complete request
2025-10-11 20:06:28.206 [http-nio-8899-exec-4] DEBUG o.s.security.web.FilterChainProxy - Securing GET /ws/chat/qwewqe?token=eyJhbGciOiJIUzUxMiJ9.eyJwaG9uZU51bWJlciI6IjEzODE5MzMxMDY5Iiwic3ViIjoidXNlcjk0MzIiLCJpYXQiOjE3NjAxODQzNTAsImV4cCI6MTc2MDI3MDc1MH0.qMh_JbTp7Fv1BxHVSi7CDt581F00ApUhCgbeZP9_z3KuicHhkLaqh3PNdLlgKMNy8Viaym6Jr-p_HaSGLwHs3w
2025-10-11 20:06:28.207 [http-nio-8899-exec-4] DEBUG o.s.s.w.c.SecurityContextPersistenceFilter - Set SecurityContextHolder to empty SecurityContext
2025-10-11 20:06:28.521 [http-nio-8899-exec-4] DEBUG o.s.s.w.a.i.FilterSecurityInterceptor - Authorized filter invocation [GET /ws/chat/qwewqe?token=eyJhbGciOiJIUzUxMiJ9.eyJwaG9uZU51bWJlciI6IjEzODE5MzMxMDY5Iiwic3ViIjoidXNlcjk0MzIiLCJpYXQiOjE3NjAxODQzNTAsImV4cCI6MTc2MDI3MDc1MH0.qMh_JbTp7Fv1BxHVSi7CDt581F00ApUhCgbeZP9_z3KuicHhkLaqh3PNdLlgKMNy8Viaym6Jr-p_HaSGLwHs3w] with attributes [permitAll]
2025-10-11 20:06:28.521 [http-nio-8899-exec-4] DEBUG o.s.security.web.FilterChainProxy - Secured GET /ws/chat/qwewqe?token=eyJhbGciOiJIUzUxMiJ9.eyJwaG9uZU51bWJlciI6IjEzODE5MzMxMDY5Iiwic3ViIjoidXNlcjk0MzIiLCJpYXQiOjE3NjAxODQzNTAsImV4cCI6MTc2MDI3MDc1MH0.qMh_JbTp7Fv1BxHVSi7CDt581F00ApUhCgbeZP9_z3KuicHhkLaqh3PNdLlgKMNy8Viaym6Jr-p_HaSGLwHs3w
2025-10-11 20:06:28.523 [http-nio-8899-exec-4] DEBUG o.s.s.w.c.SecurityContextPersistenceFilter - Cleared SecurityContextHolder to complete request
2025-10-11 20:06:28.524 [http-nio-8899-exec-4] INFO  c.l.service.ChatWebSocketHandler - 新的WebSocket连接建立: 02525c42-8761-77fd-f42e-eb7a37d88265
2025-10-11 20:06:28.525 [http-nio-8899-exec-5] INFO  c.l.service.ChatWebSocketHandler - 收到消息: {"type":"join","user":{"id":"user-y4lb3uz7x","name":"user9432","color":"#FFEAA7"}}
2025-10-11 20:06:34.885 [org.springframework.kafka.KafkaListenerEndpointContainer#1-0-C-1] INFO  o.apache.kafka.clients.NetworkClient - [Consumer clientId=consumer-lst-project-group-2, groupId=lst-project-group] Node -1 disconnected.
2025-10-11 20:06:34.992 [org.springframework.kafka.KafkaListenerEndpointContainer#0-0-C-1] INFO  o.apache.kafka.clients.NetworkClient - [Consumer clientId=consumer-lst-project-group-1, groupId=lst-project-group] Node -1 disconnected.
2025-10-11 20:06:59.058 [http-nio-8899-exec-6] INFO  c.l.service.ChatWebSocketHandler - 收到消息: {"type":"heartbeat"}
2025-10-11 20:06:59.059 [http-nio-8899-exec-6] ERROR c.l.service.ChatWebSocketHandler - 无法解析JSON消息: Cannot invoke "com.alibaba.fastjson.JSONObject.getString(String)" because the return value of "com.alibaba.fastjson.JSONObject.getJSONObject(String)" is null
2025-10-11 20:07:29.049 [http-nio-8899-exec-7] INFO  c.l.service.ChatWebSocketHandler - 收到消息: {"type":"heartbeat"}
2025-10-11 20:07:29.050 [http-nio-8899-exec-7] ERROR c.l.service.ChatWebSocketHandler - 无法解析JSON消息: Cannot invoke "com.alibaba.fastjson.JSONObject.getString(String)" because the return value of "com.alibaba.fastjson.JSONObject.getJSONObject(String)" is null
2025-10-11 20:07:59.058 [http-nio-8899-exec-8] INFO  c.l.service.ChatWebSocketHandler - 收到消息: {"type":"heartbeat"}
2025-10-11 20:07:59.059 [http-nio-8899-exec-8] ERROR c.l.service.ChatWebSocketHandler - 无法解析JSON消息: Cannot invoke "com.alibaba.fastjson.JSONObject.getString(String)" because the return value of "com.alibaba.fastjson.JSONObject.getJSONObject(String)" is null
2025-10-11 20:08:16.619 [http-nio-8899-exec-9] DEBUG o.s.security.web.FilterChainProxy - Securing POST /api/auth/register
2025-10-11 20:08:16.620 [http-nio-8899-exec-9] DEBUG o.s.s.w.c.SecurityContextPersistenceFilter - Set SecurityContextHolder to empty SecurityContext
2025-10-11 20:08:16.841 [http-nio-8899-exec-9] DEBUG o.s.s.w.a.AnonymousAuthenticationFilter - Set SecurityContextHolder to anonymous SecurityContext
2025-10-11 20:08:16.841 [http-nio-8899-exec-9] DEBUG o.s.s.w.a.i.FilterSecurityInterceptor - Authorized filter invocation [POST /api/auth/register] with attributes [permitAll]
2025-10-11 20:08:16.841 [http-nio-8899-exec-9] DEBUG o.s.security.web.FilterChainProxy - Secured POST /api/auth/register
2025-10-11 20:08:17.239 [http-nio-8899-exec-9] DEBUG o.s.s.w.c.SecurityContextPersistenceFilter - Cleared SecurityContextHolder to complete request
2025-10-11 20:08:28.134 [http-nio-8899-exec-10] DEBUG o.s.security.web.FilterChainProxy - Securing POST /api/chat/create
2025-10-11 20:08:28.135 [http-nio-8899-exec-10] DEBUG o.s.s.w.c.SecurityContextPersistenceFilter - Set SecurityContextHolder to empty SecurityContext
2025-10-11 20:08:28.450 [http-nio-8899-exec-10] DEBUG o.s.s.w.a.i.FilterSecurityInterceptor - Authorized filter invocation [POST /api/chat/create] with attributes [authenticated]
2025-10-11 20:08:28.450 [http-nio-8899-exec-10] DEBUG o.s.security.web.FilterChainProxy - Secured POST /api/chat/create
2025-10-11 20:08:28.603 [kafka-producer-network-thread | producer-1] INFO  o.apache.kafka.clients.NetworkClient - [Producer clientId=producer-1] Node -1 disconnected.
2025-10-11 20:08:28.642 [http-nio-8899-exec-10] DEBUG o.s.s.w.c.SecurityContextPersistenceFilter - Cleared SecurityContextHolder to complete request
2025-10-11 20:08:28.963 [http-nio-8899-exec-1] DEBUG o.s.security.web.FilterChainProxy - Securing GET /ws/chat/威风威风威风?token=eyJhbGciOiJIUzUxMiJ9.eyJwaG9uZU51bWJlciI6IjEzODY2NDUyNTM4Iiwic3ViIjoidXNlcjcxNDciLCJpYXQiOjE3NjAxODQ0OTcsImV4cCI6MTc2MDI3MDg5N30.x6OWtnfXMWghMzsRZIUgYpJ5RHPRxdWp8SPAgKYF-vmyCYVnoBfxha2QJeTP4g2vvZh7EuoNb_YOQADJD6BRfA
2025-10-11 20:08:28.963 [http-nio-8899-exec-1] DEBUG o.s.s.w.c.SecurityContextPersistenceFilter - Set SecurityContextHolder to empty SecurityContext
2025-10-11 20:08:29.054 [http-nio-8899-exec-2] INFO  c.l.service.ChatWebSocketHandler - 收到消息: {"type":"heartbeat"}
2025-10-11 20:08:29.054 [http-nio-8899-exec-2] ERROR c.l.service.ChatWebSocketHandler - 无法解析JSON消息: Cannot invoke "com.alibaba.fastjson.JSONObject.getString(String)" because the return value of "com.alibaba.fastjson.JSONObject.getJSONObject(String)" is null
2025-10-11 20:08:29.277 [http-nio-8899-exec-1] DEBUG o.s.s.w.a.i.FilterSecurityInterceptor - Authorized filter invocation [GET /ws/chat/威风威风威风?token=eyJhbGciOiJIUzUxMiJ9.eyJwaG9uZU51bWJlciI6IjEzODY2NDUyNTM4Iiwic3ViIjoidXNlcjcxNDciLCJpYXQiOjE3NjAxODQ0OTcsImV4cCI6MTc2MDI3MDg5N30.x6OWtnfXMWghMzsRZIUgYpJ5RHPRxdWp8SPAgKYF-vmyCYVnoBfxha2QJeTP4g2vvZh7EuoNb_YOQADJD6BRfA] with attributes [permitAll]
2025-10-11 20:08:29.277 [http-nio-8899-exec-1] DEBUG o.s.security.web.FilterChainProxy - Secured GET /ws/chat/威风威风威风?token=eyJhbGciOiJIUzUxMiJ9.eyJwaG9uZU51bWJlciI6IjEzODY2NDUyNTM4Iiwic3ViIjoidXNlcjcxNDciLCJpYXQiOjE3NjAxODQ0OTcsImV4cCI6MTc2MDI3MDg5N30.x6OWtnfXMWghMzsRZIUgYpJ5RHPRxdWp8SPAgKYF-vmyCYVnoBfxha2QJeTP4g2vvZh7EuoNb_YOQADJD6BRfA
2025-10-11 20:08:29.280 [http-nio-8899-exec-1] DEBUG o.s.s.w.c.SecurityContextPersistenceFilter - Cleared SecurityContextHolder to complete request
2025-10-11 20:08:29.280 [http-nio-8899-exec-1] INFO  c.l.service.ChatWebSocketHandler - 新的WebSocket连接建立: 44e3bfe1-81a5-8263-80c5-92a6808f46a7
2025-10-11 20:08:29.286 [http-nio-8899-exec-3] INFO  c.l.service.ChatWebSocketHandler - 收到消息: {"type":"join","user":{"id":"user-ueggcp5hs","name":"user7147","color":"#96CEB4"}}
2025-10-11 20:08:40.181 [http-nio-8899-exec-4] INFO  c.l.service.ChatWebSocketHandler - 收到消息: {"type":"chat","message":{"content":"你好"}}
2025-10-11 20:08:41.751 [http-nio-8899-exec-5] INFO  c.l.service.ChatWebSocketHandler - 收到消息: {"type":"chat","message":{"content":"威风威风"}}
2025-10-11 20:08:42.925 [http-nio-8899-exec-6] INFO  c.l.service.ChatWebSocketHandler - 收到消息: {"type":"chat","message":{"content":"威风威风"}}
2025-10-11 20:08:44.487 [http-nio-8899-exec-7] INFO  c.l.service.ChatWebSocketHandler - WebSocket连接关闭: 44e3bfe1-81a5-8263-80c5-92a6808f46a7, 状态: CloseStatus[code=1001, reason=null]
2025-10-11 20:08:59.056 [http-nio-8899-exec-8] INFO  c.l.service.ChatWebSocketHandler - 收到消息: {"type":"heartbeat"}
2025-10-11 20:08:59.057 [http-nio-8899-exec-8] ERROR c.l.service.ChatWebSocketHandler - 无法解析JSON消息: Cannot invoke "com.alibaba.fastjson.JSONObject.getString(String)" because the return value of "com.alibaba.fastjson.JSONObject.getJSONObject(String)" is null
2025-10-11 20:09:29.057 [http-nio-8899-exec-9] INFO  c.l.service.ChatWebSocketHandler - 收到消息: {"type":"heartbeat"}
2025-10-11 20:09:29.058 [http-nio-8899-exec-9] ERROR c.l.service.ChatWebSocketHandler - 无法解析JSON消息: Cannot invoke "com.alibaba.fastjson.JSONObject.getString(String)" because the return value of "com.alibaba.fastjson.JSONObject.getJSONObject(String)" is null
2025-10-11 20:09:59.052 [http-nio-8899-exec-10] INFO  c.l.service.ChatWebSocketHandler - 收到消息: {"type":"heartbeat"}
2025-10-11 20:09:59.053 [http-nio-8899-exec-10] ERROR c.l.service.ChatWebSocketHandler - 无法解析JSON消息: Cannot invoke "com.alibaba.fastjson.JSONObject.getString(String)" because the return value of "com.alibaba.fastjson.JSONObject.getJSONObject(String)" is null
2025-10-11 20:11:00.057 [http-nio-8899-exec-2] INFO  c.l.service.ChatWebSocketHandler - 收到消息: {"type":"heartbeat"}
2025-10-11 20:11:00.058 [http-nio-8899-exec-2] ERROR c.l.service.ChatWebSocketHandler - 无法解析JSON消息: Cannot invoke "com.alibaba.fastjson.JSONObject.getString(String)" because the return value of "com.alibaba.fastjson.JSONObject.getJSONObject(String)" is null
2025-10-11 20:12:01.050 [http-nio-8899-exec-1] INFO  c.l.service.ChatWebSocketHandler - 收到消息: {"type":"heartbeat"}
2025-10-11 20:12:01.051 [http-nio-8899-exec-1] ERROR c.l.service.ChatWebSocketHandler - 无法解析JSON消息: Cannot invoke "com.alibaba.fastjson.JSONObject.getString(String)" because the return value of "com.alibaba.fastjson.JSONObject.getJSONObject(String)" is null
2025-10-11 20:13:02.046 [http-nio-8899-exec-3] INFO  c.l.service.ChatWebSocketHandler - 收到消息: {"type":"heartbeat"}
2025-10-11 20:13:02.047 [http-nio-8899-exec-3] ERROR c.l.service.ChatWebSocketHandler - 无法解析JSON消息: Cannot invoke "com.alibaba.fastjson.JSONObject.getString(String)" because the return value of "com.alibaba.fastjson.JSONObject.getJSONObject(String)" is null
2025-10-11 20:14:03.056 [http-nio-8899-exec-4] INFO  c.l.service.ChatWebSocketHandler - 收到消息: {"type":"heartbeat"}
2025-10-11 20:14:03.057 [http-nio-8899-exec-4] ERROR c.l.service.ChatWebSocketHandler - 无法解析JSON消息: Cannot invoke "com.alibaba.fastjson.JSONObject.getString(String)" because the return value of "com.alibaba.fastjson.JSONObject.getJSONObject(String)" is null
2025-10-11 20:15:04.051 [http-nio-8899-exec-5] INFO  c.l.service.ChatWebSocketHandler - 收到消息: {"type":"heartbeat"}
2025-10-11 20:15:04.052 [http-nio-8899-exec-5] ERROR c.l.service.ChatWebSocketHandler - 无法解析JSON消息: Cannot invoke "com.alibaba.fastjson.JSONObject.getString(String)" because the return value of "com.alibaba.fastjson.JSONObject.getJSONObject(String)" is null
2025-10-11 20:16:05.044 [http-nio-8899-exec-6] INFO  c.l.service.ChatWebSocketHandler - 收到消息: {"type":"heartbeat"}
2025-10-11 20:16:05.045 [http-nio-8899-exec-6] ERROR c.l.service.ChatWebSocketHandler - 无法解析JSON消息: Cannot invoke "com.alibaba.fastjson.JSONObject.getString(String)" because the return value of "com.alibaba.fastjson.JSONObject.getJSONObject(String)" is null
2025-10-11 20:17:06.050 [http-nio-8899-exec-7] INFO  c.l.service.ChatWebSocketHandler - 收到消息: {"type":"heartbeat"}
2025-10-11 20:17:06.051 [http-nio-8899-exec-7] ERROR c.l.service.ChatWebSocketHandler - 无法解析JSON消息: Cannot invoke "com.alibaba.fastjson.JSONObject.getString(String)" because the return value of "com.alibaba.fastjson.JSONObject.getJSONObject(String)" is null
2025-10-11 20:18:07.051 [http-nio-8899-exec-8] INFO  c.l.service.ChatWebSocketHandler - 收到消息: {"type":"heartbeat"}
2025-10-11 20:18:07.052 [http-nio-8899-exec-8] ERROR c.l.service.ChatWebSocketHandler - 无法解析JSON消息: Cannot invoke "com.alibaba.fastjson.JSONObject.getString(String)" because the return value of "com.alibaba.fastjson.JSONObject.getJSONObject(String)" is null
2025-10-11 20:19:08.051 [http-nio-8899-exec-9] INFO  c.l.service.ChatWebSocketHandler - 收到消息: {"type":"heartbeat"}
2025-10-11 20:19:08.052 [http-nio-8899-exec-9] ERROR c.l.service.ChatWebSocketHandler - 无法解析JSON消息: Cannot invoke "com.alibaba.fastjson.JSONObject.getString(String)" because the return value of "com.alibaba.fastjson.JSONObject.getJSONObject(String)" is null
2025-10-11 20:20:09.051 [http-nio-8899-exec-10] INFO  c.l.service.ChatWebSocketHandler - 收到消息: {"type":"heartbeat"}
2025-10-11 20:20:09.052 [http-nio-8899-exec-10] ERROR c.l.service.ChatWebSocketHandler - 无法解析JSON消息: Cannot invoke "com.alibaba.fastjson.JSONObject.getString(String)" because the return value of "com.alibaba.fastjson.JSONObject.getJSONObject(String)" is null
2025-10-11 20:21:10.058 [http-nio-8899-exec-2] INFO  c.l.service.ChatWebSocketHandler - 收到消息: {"type":"heartbeat"}
2025-10-11 20:21:10.059 [http-nio-8899-exec-2] ERROR c.l.service.ChatWebSocketHandler - 无法解析JSON消息: Cannot invoke "com.alibaba.fastjson.JSONObject.getString(String)" because the return value of "com.alibaba.fastjson.JSONObject.getJSONObject(String)" is null
2025-10-11 20:22:11.059 [http-nio-8899-exec-1] INFO  c.l.service.ChatWebSocketHandler - 收到消息: {"type":"heartbeat"}
2025-10-11 20:22:11.060 [http-nio-8899-exec-1] ERROR c.l.service.ChatWebSocketHandler - 无法解析JSON消息: Cannot invoke "com.alibaba.fastjson.JSONObject.getString(String)" because the return value of "com.alibaba.fastjson.JSONObject.getJSONObject(String)" is null
2025-10-11 20:23:12.057 [http-nio-8899-exec-3] INFO  c.l.service.ChatWebSocketHandler - 收到消息: {"type":"heartbeat"}
2025-10-11 20:23:12.058 [http-nio-8899-exec-3] ERROR c.l.service.ChatWebSocketHandler - 无法解析JSON消息: Cannot invoke "com.alibaba.fastjson.JSONObject.getString(String)" because the return value of "com.alibaba.fastjson.JSONObject.getJSONObject(String)" is null
2025-10-11 20:24:13.055 [http-nio-8899-exec-4] INFO  c.l.service.ChatWebSocketHandler - 收到消息: {"type":"heartbeat"}
2025-10-11 20:24:13.056 [http-nio-8899-exec-4] ERROR c.l.service.ChatWebSocketHandler - 无法解析JSON消息: Cannot invoke "com.alibaba.fastjson.JSONObject.getString(String)" because the return value of "com.alibaba.fastjson.JSONObject.getJSONObject(String)" is null
2025-10-11 20:25:13.056 [http-nio-8899-exec-5] INFO  c.l.service.ChatWebSocketHandler - 收到消息: {"type":"heartbeat"}
2025-10-11 20:25:13.057 [http-nio-8899-exec-5] ERROR c.l.service.ChatWebSocketHandler - 无法解析JSON消息: Cannot invoke "com.alibaba.fastjson.JSONObject.getString(String)" because the return value of "com.alibaba.fastjson.JSONObject.getJSONObject(String)" is null
2025-10-11 20:26:13.049 [http-nio-8899-exec-6] INFO  c.l.service.ChatWebSocketHandler - 收到消息: {"type":"heartbeat"}
2025-10-11 20:26:13.050 [http-nio-8899-exec-6] ERROR c.l.service.ChatWebSocketHandler - 无法解析JSON消息: Cannot invoke "com.alibaba.fastjson.JSONObject.getString(String)" because the return value of "com.alibaba.fastjson.JSONObject.getJSONObject(String)" is null
2025-10-11 20:27:13.050 [http-nio-8899-exec-7] INFO  c.l.service.ChatWebSocketHandler - 收到消息: {"type":"heartbeat"}
2025-10-11 20:27:13.051 [http-nio-8899-exec-7] ERROR c.l.service.ChatWebSocketHandler - 无法解析JSON消息: Cannot invoke "com.alibaba.fastjson.JSONObject.getString(String)" because the return value of "com.alibaba.fastjson.JSONObject.getJSONObject(String)" is null
2025-10-11 20:28:13.047 [http-nio-8899-exec-8] INFO  c.l.service.ChatWebSocketHandler - 收到消息: {"type":"heartbeat"}
2025-10-11 20:28:13.048 [http-nio-8899-exec-8] ERROR c.l.service.ChatWebSocketHandler - 无法解析JSON消息: Cannot invoke "com.alibaba.fastjson.JSONObject.getString(String)" because the return value of "com.alibaba.fastjson.JSONObject.getJSONObject(String)" is null
2025-10-11 20:29:13.048 [http-nio-8899-exec-9] INFO  c.l.service.ChatWebSocketHandler - 收到消息: {"type":"heartbeat"}
2025-10-11 20:29:13.048 [http-nio-8899-exec-9] ERROR c.l.service.ChatWebSocketHandler - 无法解析JSON消息: Cannot invoke "com.alibaba.fastjson.JSONObject.getString(String)" because the return value of "com.alibaba.fastjson.JSONObject.getJSONObject(String)" is null
2025-10-11 20:30:13.047 [http-nio-8899-exec-10] INFO  c.l.service.ChatWebSocketHandler - 收到消息: {"type":"heartbeat"}
2025-10-11 20:30:13.048 [http-nio-8899-exec-10] ERROR c.l.service.ChatWebSocketHandler - 无法解析JSON消息: Cannot invoke "com.alibaba.fastjson.JSONObject.getString(String)" because the return value of "com.alibaba.fastjson.JSONObject.getJSONObject(String)" is null
2025-10-11 20:31:13.046 [http-nio-8899-exec-2] INFO  c.l.service.ChatWebSocketHandler - 收到消息: {"type":"heartbeat"}
2025-10-11 20:31:13.047 [http-nio-8899-exec-2] ERROR c.l.service.ChatWebSocketHandler - 无法解析JSON消息: Cannot invoke "com.alibaba.fastjson.JSONObject.getString(String)" because the return value of "com.alibaba.fastjson.JSONObject.getJSONObject(String)" is null
2025-10-11 20:32:13.056 [http-nio-8899-exec-1] INFO  c.l.service.ChatWebSocketHandler - 收到消息: {"type":"heartbeat"}
2025-10-11 20:32:13.057 [http-nio-8899-exec-1] ERROR c.l.service.ChatWebSocketHandler - 无法解析JSON消息: Cannot invoke "com.alibaba.fastjson.JSONObject.getString(String)" because the return value of "com.alibaba.fastjson.JSONObject.getJSONObject(String)" is null
2025-10-11 20:33:13.046 [http-nio-8899-exec-3] INFO  c.l.service.ChatWebSocketHandler - 收到消息: {"type":"heartbeat"}
2025-10-11 20:33:13.047 [http-nio-8899-exec-3] ERROR c.l.service.ChatWebSocketHandler - 无法解析JSON消息: Cannot invoke "com.alibaba.fastjson.JSONObject.getString(String)" because the return value of "com.alibaba.fastjson.JSONObject.getJSONObject(String)" is null
2025-10-11 20:34:13.051 [http-nio-8899-exec-4] INFO  c.l.service.ChatWebSocketHandler - 收到消息: {"type":"heartbeat"}
2025-10-11 20:34:13.052 [http-nio-8899-exec-4] ERROR c.l.service.ChatWebSocketHandler - 无法解析JSON消息: Cannot invoke "com.alibaba.fastjson.JSONObject.getString(String)" because the return value of "com.alibaba.fastjson.JSONObject.getJSONObject(String)" is null
2025-10-11 20:35:13.046 [http-nio-8899-exec-5] INFO  c.l.service.ChatWebSocketHandler - 收到消息: {"type":"heartbeat"}
2025-10-11 20:35:13.047 [http-nio-8899-exec-5] ERROR c.l.service.ChatWebSocketHandler - 无法解析JSON消息: Cannot invoke "com.alibaba.fastjson.JSONObject.getString(String)" because the return value of "com.alibaba.fastjson.JSONObject.getJSONObject(String)" is null
2025-10-11 20:36:13.047 [http-nio-8899-exec-6] INFO  c.l.service.ChatWebSocketHandler - 收到消息: {"type":"heartbeat"}
2025-10-11 20:36:13.048 [http-nio-8899-exec-6] ERROR c.l.service.ChatWebSocketHandler - 无法解析JSON消息: Cannot invoke "com.alibaba.fastjson.JSONObject.getString(String)" because the return value of "com.alibaba.fastjson.JSONObject.getJSONObject(String)" is null
2025-10-11 20:37:13.046 [http-nio-8899-exec-7] INFO  c.l.service.ChatWebSocketHandler - 收到消息: {"type":"heartbeat"}
2025-10-11 20:37:13.047 [http-nio-8899-exec-7] ERROR c.l.service.ChatWebSocketHandler - 无法解析JSON消息: Cannot invoke "com.alibaba.fastjson.JSONObject.getString(String)" because the return value of "com.alibaba.fastjson.JSONObject.getJSONObject(String)" is null
2025-10-11 20:38:13.045 [http-nio-8899-exec-8] INFO  c.l.service.ChatWebSocketHandler - 收到消息: {"type":"heartbeat"}
2025-10-11 20:38:13.046 [http-nio-8899-exec-8] ERROR c.l.service.ChatWebSocketHandler - 无法解析JSON消息: Cannot invoke "com.alibaba.fastjson.JSONObject.getString(String)" because the return value of "com.alibaba.fastjson.JSONObject.getJSONObject(String)" is null
2025-10-11 20:39:13.044 [http-nio-8899-exec-9] INFO  c.l.service.ChatWebSocketHandler - 收到消息: {"type":"heartbeat"}
2025-10-11 20:39:13.045 [http-nio-8899-exec-9] ERROR c.l.service.ChatWebSocketHandler - 无法解析JSON消息: Cannot invoke "com.alibaba.fastjson.JSONObject.getString(String)" because the return value of "com.alibaba.fastjson.JSONObject.getJSONObject(String)" is null
2025-10-11 20:40:13.055 [http-nio-8899-exec-10] INFO  c.l.service.ChatWebSocketHandler - 收到消息: {"type":"heartbeat"}
2025-10-11 20:40:13.056 [http-nio-8899-exec-10] ERROR c.l.service.ChatWebSocketHandler - 无法解析JSON消息: Cannot invoke "com.alibaba.fastjson.JSONObject.getString(String)" because the return value of "com.alibaba.fastjson.JSONObject.getJSONObject(String)" is null
2025-10-11 20:41:13.045 [http-nio-8899-exec-2] INFO  c.l.service.ChatWebSocketHandler - 收到消息: {"type":"heartbeat"}
2025-10-11 20:41:13.047 [http-nio-8899-exec-2] ERROR c.l.service.ChatWebSocketHandler - 无法解析JSON消息: Cannot invoke "com.alibaba.fastjson.JSONObject.getString(String)" because the return value of "com.alibaba.fastjson.JSONObject.getJSONObject(String)" is null
2025-10-11 20:42:13.055 [http-nio-8899-exec-1] INFO  c.l.service.ChatWebSocketHandler - 收到消息: {"type":"heartbeat"}
2025-10-11 20:42:13.056 [http-nio-8899-exec-1] ERROR c.l.service.ChatWebSocketHandler - 无法解析JSON消息: Cannot invoke "com.alibaba.fastjson.JSONObject.getString(String)" because the return value of "com.alibaba.fastjson.JSONObject.getJSONObject(String)" is null
2025-10-11 20:43:13.058 [http-nio-8899-exec-3] INFO  c.l.service.ChatWebSocketHandler - 收到消息: {"type":"heartbeat"}
2025-10-11 20:43:13.059 [http-nio-8899-exec-3] ERROR c.l.service.ChatWebSocketHandler - 无法解析JSON消息: Cannot invoke "com.alibaba.fastjson.JSONObject.getString(String)" because the return value of "com.alibaba.fastjson.JSONObject.getJSONObject(String)" is null
2025-10-11 20:44:13.059 [http-nio-8899-exec-4] INFO  c.l.service.ChatWebSocketHandler - 收到消息: {"type":"heartbeat"}
2025-10-11 20:44:13.060 [http-nio-8899-exec-4] ERROR c.l.service.ChatWebSocketHandler - 无法解析JSON消息: Cannot invoke "com.alibaba.fastjson.JSONObject.getString(String)" because the return value of "com.alibaba.fastjson.JSONObject.getJSONObject(String)" is null
2025-10-11 20:45:13.048 [http-nio-8899-exec-5] INFO  c.l.service.ChatWebSocketHandler - 收到消息: {"type":"heartbeat"}
2025-10-11 20:45:13.049 [http-nio-8899-exec-5] ERROR c.l.service.ChatWebSocketHandler - 无法解析JSON消息: Cannot invoke "com.alibaba.fastjson.JSONObject.getString(String)" because the return value of "com.alibaba.fastjson.JSONObject.getJSONObject(String)" is null
2025-10-11 20:46:13.056 [http-nio-8899-exec-6] INFO  c.l.service.ChatWebSocketHandler - 收到消息: {"type":"heartbeat"}
2025-10-11 20:46:13.057 [http-nio-8899-exec-6] ERROR c.l.service.ChatWebSocketHandler - 无法解析JSON消息: Cannot invoke "com.alibaba.fastjson.JSONObject.getString(String)" because the return value of "com.alibaba.fastjson.JSONObject.getJSONObject(String)" is null
2025-10-11 20:47:13.053 [http-nio-8899-exec-7] INFO  c.l.service.ChatWebSocketHandler - 收到消息: {"type":"heartbeat"}
2025-10-11 20:47:13.055 [http-nio-8899-exec-7] ERROR c.l.service.ChatWebSocketHandler - 无法解析JSON消息: Cannot invoke "com.alibaba.fastjson.JSONObject.getString(String)" because the return value of "com.alibaba.fastjson.JSONObject.getJSONObject(String)" is null
2025-10-11 20:48:13.043 [http-nio-8899-exec-8] INFO  c.l.service.ChatWebSocketHandler - 收到消息: {"type":"heartbeat"}
2025-10-11 20:48:13.045 [http-nio-8899-exec-8] ERROR c.l.service.ChatWebSocketHandler - 无法解析JSON消息: Cannot invoke "com.alibaba.fastjson.JSONObject.getString(String)" because the return value of "com.alibaba.fastjson.JSONObject.getJSONObject(String)" is null
2025-10-11 20:49:13.049 [http-nio-8899-exec-9] INFO  c.l.service.ChatWebSocketHandler - 收到消息: {"type":"heartbeat"}
2025-10-11 20:49:13.050 [http-nio-8899-exec-9] ERROR c.l.service.ChatWebSocketHandler - 无法解析JSON消息: Cannot invoke "com.alibaba.fastjson.JSONObject.getString(String)" because the return value of "com.alibaba.fastjson.JSONObject.getJSONObject(String)" is null
2025-10-11 20:50:13.052 [http-nio-8899-exec-10] INFO  c.l.service.ChatWebSocketHandler - 收到消息: {"type":"heartbeat"}
2025-10-11 20:50:13.053 [http-nio-8899-exec-10] ERROR c.l.service.ChatWebSocketHandler - 无法解析JSON消息: Cannot invoke "com.alibaba.fastjson.JSONObject.getString(String)" because the return value of "com.alibaba.fastjson.JSONObject.getJSONObject(String)" is null
2025-10-11 20:51:13.054 [http-nio-8899-exec-2] INFO  c.l.service.ChatWebSocketHandler - 收到消息: {"type":"heartbeat"}
2025-10-11 20:51:13.055 [http-nio-8899-exec-2] ERROR c.l.service.ChatWebSocketHandler - 无法解析JSON消息: Cannot invoke "com.alibaba.fastjson.JSONObject.getString(String)" because the return value of "com.alibaba.fastjson.JSONObject.getJSONObject(String)" is null
2025-10-11 20:52:13.048 [http-nio-8899-exec-1] INFO  c.l.service.ChatWebSocketHandler - 收到消息: {"type":"heartbeat"}
2025-10-11 20:52:13.049 [http-nio-8899-exec-1] ERROR c.l.service.ChatWebSocketHandler - 无法解析JSON消息: Cannot invoke "com.alibaba.fastjson.JSONObject.getString(String)" because the return value of "com.alibaba.fastjson.JSONObject.getJSONObject(String)" is null
2025-10-11 20:53:13.054 [http-nio-8899-exec-3] INFO  c.l.service.ChatWebSocketHandler - 收到消息: {"type":"heartbeat"}
2025-10-11 20:53:13.055 [http-nio-8899-exec-3] ERROR c.l.service.ChatWebSocketHandler - 无法解析JSON消息: Cannot invoke "com.alibaba.fastjson.JSONObject.getString(String)" because the return value of "com.alibaba.fastjson.JSONObject.getJSONObject(String)" is null
2025-10-11 20:54:13.049 [http-nio-8899-exec-4] INFO  c.l.service.ChatWebSocketHandler - 收到消息: {"type":"heartbeat"}
2025-10-11 20:54:13.050 [http-nio-8899-exec-4] ERROR c.l.service.ChatWebSocketHandler - 无法解析JSON消息: Cannot invoke "com.alibaba.fastjson.JSONObject.getString(String)" because the return value of "com.alibaba.fastjson.JSONObject.getJSONObject(String)" is null
2025-10-11 20:55:13.058 [http-nio-8899-exec-5] INFO  c.l.service.ChatWebSocketHandler - 收到消息: {"type":"heartbeat"}
2025-10-11 20:55:13.059 [http-nio-8899-exec-5] ERROR c.l.service.ChatWebSocketHandler - 无法解析JSON消息: Cannot invoke "com.alibaba.fastjson.JSONObject.getString(String)" because the return value of "com.alibaba.fastjson.JSONObject.getJSONObject(String)" is null
2025-10-11 20:56:13.049 [http-nio-8899-exec-6] INFO  c.l.service.ChatWebSocketHandler - 收到消息: {"type":"heartbeat"}
2025-10-11 20:56:13.050 [http-nio-8899-exec-6] ERROR c.l.service.ChatWebSocketHandler - 无法解析JSON消息: Cannot invoke "com.alibaba.fastjson.JSONObject.getString(String)" because the return value of "com.alibaba.fastjson.JSONObject.getJSONObject(String)" is null
2025-10-11 20:57:13.046 [http-nio-8899-exec-7] INFO  c.l.service.ChatWebSocketHandler - 收到消息: {"type":"heartbeat"}
2025-10-11 20:57:13.047 [http-nio-8899-exec-7] ERROR c.l.service.ChatWebSocketHandler - 无法解析JSON消息: Cannot invoke "com.alibaba.fastjson.JSONObject.getString(String)" because the return value of "com.alibaba.fastjson.JSONObject.getJSONObject(String)" is null
2025-10-11 20:58:13.051 [http-nio-8899-exec-8] INFO  c.l.service.ChatWebSocketHandler - 收到消息: {"type":"heartbeat"}
2025-10-11 20:58:13.052 [http-nio-8899-exec-8] ERROR c.l.service.ChatWebSocketHandler - 无法解析JSON消息: Cannot invoke "com.alibaba.fastjson.JSONObject.getString(String)" because the return value of "com.alibaba.fastjson.JSONObject.getJSONObject(String)" is null
2025-10-11 20:59:13.044 [http-nio-8899-exec-9] INFO  c.l.service.ChatWebSocketHandler - 收到消息: {"type":"heartbeat"}
2025-10-11 20:59:13.045 [http-nio-8899-exec-9] ERROR c.l.service.ChatWebSocketHandler - 无法解析JSON消息: Cannot invoke "com.alibaba.fastjson.JSONObject.getString(String)" because the return value of "com.alibaba.fastjson.JSONObject.getJSONObject(String)" is null
2025-10-11 21:00:13.058 [http-nio-8899-exec-10] INFO  c.l.service.ChatWebSocketHandler - 收到消息: {"type":"heartbeat"}
2025-10-11 21:00:13.059 [http-nio-8899-exec-10] ERROR c.l.service.ChatWebSocketHandler - 无法解析JSON消息: Cannot invoke "com.alibaba.fastjson.JSONObject.getString(String)" because the return value of "com.alibaba.fastjson.JSONObject.getJSONObject(String)" is null
2025-10-11 21:01:13.045 [http-nio-8899-exec-2] INFO  c.l.service.ChatWebSocketHandler - 收到消息: {"type":"heartbeat"}
2025-10-11 21:01:13.046 [http-nio-8899-exec-2] ERROR c.l.service.ChatWebSocketHandler - 无法解析JSON消息: Cannot invoke "com.alibaba.fastjson.JSONObject.getString(String)" because the return value of "com.alibaba.fastjson.JSONObject.getJSONObject(String)" is null
2025-10-11 21:02:13.050 [http-nio-8899-exec-1] INFO  c.l.service.ChatWebSocketHandler - 收到消息: {"type":"heartbeat"}
2025-10-11 21:02:13.050 [http-nio-8899-exec-1] ERROR c.l.service.ChatWebSocketHandler - 无法解析JSON消息: Cannot invoke "com.alibaba.fastjson.JSONObject.getString(String)" because the return value of "com.alibaba.fastjson.JSONObject.getJSONObject(String)" is null
2025-10-11 21:03:13.048 [http-nio-8899-exec-3] INFO  c.l.service.ChatWebSocketHandler - 收到消息: {"type":"heartbeat"}
2025-10-11 21:03:13.049 [http-nio-8899-exec-3] ERROR c.l.service.ChatWebSocketHandler - 无法解析JSON消息: Cannot invoke "com.alibaba.fastjson.JSONObject.getString(String)" because the return value of "com.alibaba.fastjson.JSONObject.getJSONObject(String)" is null
2025-10-11 21:04:13.053 [http-nio-8899-exec-4] INFO  c.l.service.ChatWebSocketHandler - 收到消息: {"type":"heartbeat"}
2025-10-11 21:04:13.054 [http-nio-8899-exec-4] ERROR c.l.service.ChatWebSocketHandler - 无法解析JSON消息: Cannot invoke "com.alibaba.fastjson.JSONObject.getString(String)" because the return value of "com.alibaba.fastjson.JSONObject.getJSONObject(String)" is null
2025-10-11 21:05:13.053 [http-nio-8899-exec-5] INFO  c.l.service.ChatWebSocketHandler - 收到消息: {"type":"heartbeat"}
2025-10-11 21:05:13.054 [http-nio-8899-exec-5] ERROR c.l.service.ChatWebSocketHandler - 无法解析JSON消息: Cannot invoke "com.alibaba.fastjson.JSONObject.getString(String)" because the return value of "com.alibaba.fastjson.JSONObject.getJSONObject(String)" is null
2025-10-11 21:06:13.052 [http-nio-8899-exec-6] INFO  c.l.service.ChatWebSocketHandler - 收到消息: {"type":"heartbeat"}
2025-10-11 21:06:13.053 [http-nio-8899-exec-6] ERROR c.l.service.ChatWebSocketHandler - 无法解析JSON消息: Cannot invoke "com.alibaba.fastjson.JSONObject.getString(String)" because the return value of "com.alibaba.fastjson.JSONObject.getJSONObject(String)" is null
2025-10-11 21:07:13.044 [http-nio-8899-exec-7] INFO  c.l.service.ChatWebSocketHandler - 收到消息: {"type":"heartbeat"}
2025-10-11 21:07:13.045 [http-nio-8899-exec-7] ERROR c.l.service.ChatWebSocketHandler - 无法解析JSON消息: Cannot invoke "com.alibaba.fastjson.JSONObject.getString(String)" because the return value of "com.alibaba.fastjson.JSONObject.getJSONObject(String)" is null
2025-10-11 21:08:13.047 [http-nio-8899-exec-8] INFO  c.l.service.ChatWebSocketHandler - 收到消息: {"type":"heartbeat"}
2025-10-11 21:08:13.048 [http-nio-8899-exec-8] ERROR c.l.service.ChatWebSocketHandler - 无法解析JSON消息: Cannot invoke "com.alibaba.fastjson.JSONObject.getString(String)" because the return value of "com.alibaba.fastjson.JSONObject.getJSONObject(String)" is null
2025-10-11 21:09:13.048 [http-nio-8899-exec-9] INFO  c.l.service.ChatWebSocketHandler - 收到消息: {"type":"heartbeat"}
2025-10-11 21:09:13.049 [http-nio-8899-exec-9] ERROR c.l.service.ChatWebSocketHandler - 无法解析JSON消息: Cannot invoke "com.alibaba.fastjson.JSONObject.getString(String)" because the return value of "com.alibaba.fastjson.JSONObject.getJSONObject(String)" is null
2025-10-11 21:10:13.048 [http-nio-8899-exec-10] INFO  c.l.service.ChatWebSocketHandler - 收到消息: {"type":"heartbeat"}
2025-10-11 21:10:13.049 [http-nio-8899-exec-10] ERROR c.l.service.ChatWebSocketHandler - 无法解析JSON消息: Cannot invoke "com.alibaba.fastjson.JSONObject.getString(String)" because the return value of "com.alibaba.fastjson.JSONObject.getJSONObject(String)" is null
2025-10-11 21:11:13.044 [http-nio-8899-exec-2] INFO  c.l.service.ChatWebSocketHandler - 收到消息: {"type":"heartbeat"}
2025-10-11 21:11:13.045 [http-nio-8899-exec-2] ERROR c.l.service.ChatWebSocketHandler - 无法解析JSON消息: Cannot invoke "com.alibaba.fastjson.JSONObject.getString(String)" because the return value of "com.alibaba.fastjson.JSONObject.getJSONObject(String)" is null
2025-10-11 21:12:13.044 [http-nio-8899-exec-1] INFO  c.l.service.ChatWebSocketHandler - 收到消息: {"type":"heartbeat"}
2025-10-11 21:12:13.045 [http-nio-8899-exec-1] ERROR c.l.service.ChatWebSocketHandler - 无法解析JSON消息: Cannot invoke "com.alibaba.fastjson.JSONObject.getString(String)" because the return value of "com.alibaba.fastjson.JSONObject.getJSONObject(String)" is null
2025-10-11 21:13:13.048 [http-nio-8899-exec-3] INFO  c.l.service.ChatWebSocketHandler - 收到消息: {"type":"heartbeat"}
2025-10-11 21:13:13.049 [http-nio-8899-exec-3] ERROR c.l.service.ChatWebSocketHandler - 无法解析JSON消息: Cannot invoke "com.alibaba.fastjson.JSONObject.getString(String)" because the return value of "com.alibaba.fastjson.JSONObject.getJSONObject(String)" is null
2025-10-11 21:14:13.055 [http-nio-8899-exec-4] INFO  c.l.service.ChatWebSocketHandler - 收到消息: {"type":"heartbeat"}
2025-10-11 21:14:13.056 [http-nio-8899-exec-4] ERROR c.l.service.ChatWebSocketHandler - 无法解析JSON消息: Cannot invoke "com.alibaba.fastjson.JSONObject.getString(String)" because the return value of "com.alibaba.fastjson.JSONObject.getJSONObject(String)" is null
2025-10-11 21:15:05.431 [http-nio-8899-exec-5] INFO  c.l.service.ChatWebSocketHandler - 收到消息: {"type":"heartbeat"}
2025-10-11 21:15:05.432 [http-nio-8899-exec-5] ERROR c.l.service.ChatWebSocketHandler - 无法解析JSON消息: Cannot invoke "com.alibaba.fastjson.JSONObject.getString(String)" because the return value of "com.alibaba.fastjson.JSONObject.getJSONObject(String)" is null
2025-10-11 21:15:29.046 [http-nio-8899-exec-6] INFO  c.l.service.ChatWebSocketHandler - 收到消息: {"type":"heartbeat"}
2025-10-11 21:15:29.047 [http-nio-8899-exec-6] ERROR c.l.service.ChatWebSocketHandler - 无法解析JSON消息: Cannot invoke "com.alibaba.fastjson.JSONObject.getString(String)" because the return value of "com.alibaba.fastjson.JSONObject.getJSONObject(String)" is null
2025-10-11 21:15:59.052 [http-nio-8899-exec-7] INFO  c.l.service.ChatWebSocketHandler - 收到消息: {"type":"heartbeat"}
2025-10-11 21:15:59.052 [http-nio-8899-exec-7] ERROR c.l.service.ChatWebSocketHandler - 无法解析JSON消息: Cannot invoke "com.alibaba.fastjson.JSONObject.getString(String)" because the return value of "com.alibaba.fastjson.JSONObject.getJSONObject(String)" is null
